2019-10-06 19:49:16,000 INFO  DownloadService - Downloading "https://github.com/WesleyElliott/Kubwa/archive/master.zip", attempt 3
2019-10-06 19:49:17,930 INFO  DownloadService - Downloaded https://github.com/WesleyElliott/Kubwa/archive/master.zip, attempt 3
2019-10-06 19:49:17,930 INFO  DownloadService - Size of file "/var/folders/bq/vtzpc5ns5sg2cthy61lqpg3dfzgbys/T/1570366155992-0/master.zip": 139 KB
2019-10-06 19:49:17,930 INFO  ArchiveUtils - Checking entries [.gradle] in ZIP file...
2019-10-06 19:49:17,936 INFO  ArchiveUtils - Has entries [.gradle] in ZIP file /var/folders/bq/vtzpc5ns5sg2cthy61lqpg3dfzgbys/T/1570366155992-0/master.zip: true
2019-10-06 19:49:17,936 DEBUG ZipUtil - Extracting '/var/folders/bq/vtzpc5ns5sg2cthy61lqpg3dfzgbys/T/1570366155992-0/master.zip' into '/var/folders/bq/vtzpc5ns5sg2cthy61lqpg3dfzgbys/T/1570366155992-0/src'.
2019-10-06 19:49:17,962 INFO  FullProcessService - Size of directory with sources: 190 KB
2019-10-06 19:49:17,962 INFO  SysUtils - Execute command: [git, init, /var/folders/bq/vtzpc5ns5sg2cthy61lqpg3dfzgbys/T/1570366155992-0/src]
2019-10-06 19:49:17,991 INFO  SysUtils - Initialized empty Git repository in /private/var/folders/bq/vtzpc5ns5sg2cthy61lqpg3dfzgbys/T/1570366155992-0/src/.git/

2019-10-06 19:49:17,994 INFO  ProjectBuildService - Gradle wrapper(s): /var/folders/bq/vtzpc5ns5sg2cthy61lqpg3dfzgbys/T/1570366155992-0/src/Kubwa-master/gradlew
2019-10-06 19:49:17,998 INFO  ProjectBuildService - Build script(s): /var/folders/bq/vtzpc5ns5sg2cthy61lqpg3dfzgbys/T/1570366155992-0/src/Kubwa-master/app/build.gradle /var/folders/bq/vtzpc5ns5sg2cthy61lqpg3dfzgbys/T/1570366155992-0/src/Kubwa-master/kubwa/build.gradle /var/folders/bq/vtzpc5ns5sg2cthy61lqpg3dfzgbys/T/1570366155992-0/src/Kubwa-master/build.gradle /var/folders/bq/vtzpc5ns5sg2cthy61lqpg3dfzgbys/T/1570366155992-0/src/Kubwa-master/kubwa-annotations/build.gradle /var/folders/bq/vtzpc5ns5sg2cthy61lqpg3dfzgbys/T/1570366155992-0/src/Kubwa-master/kubwa-compiler/build.gradle
2019-10-06 19:49:18,001 INFO  ProjectBuildService - All script(s): /var/folders/bq/vtzpc5ns5sg2cthy61lqpg3dfzgbys/T/1570366155992-0/src/Kubwa-master/app/build.gradle /var/folders/bq/vtzpc5ns5sg2cthy61lqpg3dfzgbys/T/1570366155992-0/src/Kubwa-master/kubwa-compiler/build.gradle /var/folders/bq/vtzpc5ns5sg2cthy61lqpg3dfzgbys/T/1570366155992-0/src/Kubwa-master/kubwa-annotations/build.gradle /var/folders/bq/vtzpc5ns5sg2cthy61lqpg3dfzgbys/T/1570366155992-0/src/Kubwa-master/kubwa/build.gradle /var/folders/bq/vtzpc5ns5sg2cthy61lqpg3dfzgbys/T/1570366155992-0/src/Kubwa-master/build.gradle /var/folders/bq/vtzpc5ns5sg2cthy61lqpg3dfzgbys/T/1570366155992-0/src/Kubwa-master/settings.gradle
2019-10-06 19:49:18,001 INFO  ProjectBuildService - Remote scripts: none
2019-10-06 19:49:18,001 INFO  ProjectFixService - Fixing project...
2019-10-06 19:49:18,008 INFO  LocalPropertiesFixService - Created fake /var/folders/bq/vtzpc5ns5sg2cthy61lqpg3dfzgbys/T/1570366155992-0/src/Kubwa-master/app/local.properties
2019-10-06 19:49:18,009 INFO  ProjectFixService - Build info for "/var/folders/bq/vtzpc5ns5sg2cthy61lqpg3dfzgbys/T/1570366155992-0/src/Kubwa-master/app/build.gradle": [buildToolsVersion=<null>,compileSdkVersion=28,minSdkVersion=22,targetSdkVersion=28]
2019-10-06 19:49:18,009 INFO  ProjectFixService - Fixed build info for "/var/folders/bq/vtzpc5ns5sg2cthy61lqpg3dfzgbys/T/1570366155992-0/src/Kubwa-master/app/build.gradle": [buildToolsVersion=28.0.0-rc2,compileSdkVersion=28,minSdkVersion=22,targetSdkVersion=28]
2019-10-06 19:49:18,010 INFO  LocalPropertiesFixService - Created fake /var/folders/bq/vtzpc5ns5sg2cthy61lqpg3dfzgbys/T/1570366155992-0/src/Kubwa-master/kubwa/local.properties
2019-10-06 19:49:18,011 INFO  ProjectFixService - Build info for "/var/folders/bq/vtzpc5ns5sg2cthy61lqpg3dfzgbys/T/1570366155992-0/src/Kubwa-master/kubwa/build.gradle": [buildToolsVersion=<null>,compileSdkVersion=28,minSdkVersion=22,targetSdkVersion=28]
2019-10-06 19:49:18,011 INFO  ProjectFixService - Fixed build info for "/var/folders/bq/vtzpc5ns5sg2cthy61lqpg3dfzgbys/T/1570366155992-0/src/Kubwa-master/kubwa/build.gradle": [buildToolsVersion=28.0.0-rc2,compileSdkVersion=28,minSdkVersion=22,targetSdkVersion=28]
2019-10-06 19:49:18,012 INFO  LocalPropertiesFixService - Created fake /var/folders/bq/vtzpc5ns5sg2cthy61lqpg3dfzgbys/T/1570366155992-0/src/Kubwa-master/local.properties
2019-10-06 19:49:18,012 INFO  WrapperPropertiesFixService - Gradle wrapper: https://services.gradle.org/distributions/gradle-5.6.1-all.zip
2019-10-06 19:49:18,013 INFO  WrapperPropertiesFixService - Gradle wrapper was changed from "-all.zip" to "-bin.zip" (https://services.gradle.org/distributions/gradle-5.6.1-bin.zip)
2019-10-06 19:49:18,014 INFO  ProjectFixService - Build info for "/var/folders/bq/vtzpc5ns5sg2cthy61lqpg3dfzgbys/T/1570366155992-0/src/Kubwa-master/build.gradle": [buildToolsVersion=<null>,compileSdkVersion=28,minSdkVersion=22,targetSdkVersion=28]
2019-10-06 19:49:18,015 INFO  ProjectFixService - Fixed build info for "/var/folders/bq/vtzpc5ns5sg2cthy61lqpg3dfzgbys/T/1570366155992-0/src/Kubwa-master/build.gradle": [buildToolsVersion=28.0.0-rc2,compileSdkVersion=28,minSdkVersion=22,targetSdkVersion=28]
2019-10-06 19:49:18,015 INFO  LocalPropertiesFixService - Created fake /var/folders/bq/vtzpc5ns5sg2cthy61lqpg3dfzgbys/T/1570366155992-0/src/Kubwa-master/kubwa-annotations/local.properties
2019-10-06 19:49:18,016 INFO  ProjectFixService - Build info for "/var/folders/bq/vtzpc5ns5sg2cthy61lqpg3dfzgbys/T/1570366155992-0/src/Kubwa-master/kubwa-annotations/build.gradle": [buildToolsVersion=<null>,compileSdkVersion=28,minSdkVersion=22,targetSdkVersion=28]
2019-10-06 19:49:18,017 INFO  ProjectFixService - Fixed build info for "/var/folders/bq/vtzpc5ns5sg2cthy61lqpg3dfzgbys/T/1570366155992-0/src/Kubwa-master/kubwa-annotations/build.gradle": [buildToolsVersion=28.0.0-rc2,compileSdkVersion=28,minSdkVersion=22,targetSdkVersion=28]
2019-10-06 19:49:18,017 INFO  LocalPropertiesFixService - Created fake /var/folders/bq/vtzpc5ns5sg2cthy61lqpg3dfzgbys/T/1570366155992-0/src/Kubwa-master/kubwa-compiler/local.properties
2019-10-06 19:49:18,018 INFO  ProjectFixService - Build info for "/var/folders/bq/vtzpc5ns5sg2cthy61lqpg3dfzgbys/T/1570366155992-0/src/Kubwa-master/kubwa-compiler/build.gradle": [buildToolsVersion=<null>,compileSdkVersion=28,minSdkVersion=22,targetSdkVersion=28]
2019-10-06 19:49:18,019 INFO  ProjectFixService - Fixed build info for "/var/folders/bq/vtzpc5ns5sg2cthy61lqpg3dfzgbys/T/1570366155992-0/src/Kubwa-master/kubwa-compiler/build.gradle": [buildToolsVersion=28.0.0-rc2,compileSdkVersion=28,minSdkVersion=22,targetSdkVersion=28]
2019-10-06 19:49:18,019 INFO  ProjectFixService - Project was maybe fixed
2019-10-06 19:49:18,019 INFO  ProjectTaskService - Detecting possible tasks...
2019-10-06 19:49:18,019 INFO  SysUtils - Execute command: [/var/folders/bq/vtzpc5ns5sg2cthy61lqpg3dfzgbys/T/1570366155992-0/src/Kubwa-master/gradlew, -b, /var/folders/bq/vtzpc5ns5sg2cthy61lqpg3dfzgbys/T/1570366155992-0/src/Kubwa-master/app/build.gradle, -Dorg.gradle.daemon=false, -Dorg.gradle.daemon.performance.enable-monitoring=false, -Dorg.gradle.configureondemand=true, tasks]
2019-10-06 19:49:33,853 INFO  ProjectTaskService - Detected possible tasks: 66
2019-10-06 19:49:33,853 INFO  ProjectTaskService - Excluded tasks (18): lintDebug deviceCheck lint testReleaseUnitTest uninstallRelease deviceAndroidTest uninstallDebugAndroidTest installDebugAndroidTest connectedCheck connectedDebugAndroidTest uninstallAll test check testDebugUnitTest connectedAndroidTest installDebug lintRelease uninstallDebug
2019-10-06 19:49:33,853 INFO  SysUtils - Execute command: [/var/folders/bq/vtzpc5ns5sg2cthy61lqpg3dfzgbys/T/1570366155992-0/src/Kubwa-master/gradlew, -b, /var/folders/bq/vtzpc5ns5sg2cthy61lqpg3dfzgbys/T/1570366155992-0/src/Kubwa-master/app/build.gradle, -Dorg.gradle.daemon=false, -Dorg.gradle.daemon.performance.enable-monitoring=false, -Dorg.gradle.configureondemand=true, --stacktrace, -x, lintDebug, -x, deviceCheck, -x, lint, -x, testReleaseUnitTest, -x, uninstallRelease, -x, deviceAndroidTest, -x, uninstallDebugAndroidTest, -x, installDebugAndroidTest, -x, connectedCheck, -x, connectedDebugAndroidTest, -x, uninstallAll, -x, test, -x, check, -x, testDebugUnitTest, -x, connectedAndroidTest, -x, installDebug, -x, lintRelease, -x, uninstallDebug, build]
2019-10-06 19:50:45,999 ERROR SysUtils - Could not process external command
org.apache.commons.exec.ExecuteException: Process exited with an error: 1 (Exit value: 1)
	at org.apache.commons.exec.DefaultExecutor.executeInternal(DefaultExecutor.java:404)
	at org.apache.commons.exec.DefaultExecutor.execute(DefaultExecutor.java:166)
	at com.github.vbauer.apkmaster.util.SysUtils.execute(SysUtils.java:67)
	at com.github.vbauer.apkmaster.util.SysUtils.executeSimple(SysUtils.java:43)
	at com.github.vbauer.apkmaster.service.assembly.ProjectBuildService.buildProject(ProjectBuildService.java:78)
	at com.github.vbauer.apkmaster.service.assembly.ProjectBuildService.buildProject(ProjectBuildService.java:64)
	at com.github.vbauer.apkmaster.service.assembly.ProjectBuildService.buildProject(ProjectBuildService.java:43)
	at com.github.vbauer.apkmaster.service.FullProcessService.build(FullProcessService.java:84)
	at com.github.vbauer.apkmaster.service.FullProcessService.process(FullProcessService.java:34)
	at com.github.vbauer.apkmaster.app.MainApplication.process(MainApplication.java:38)
	at com.github.vbauer.apkmaster.app.MainApplication.main(MainApplication.java:20)
	at sun.reflect.NativeMethodAccessorImpl.invoke0(Native Method)
	at sun.reflect.NativeMethodAccessorImpl.invoke(NativeMethodAccessorImpl.java:62)
	at sun.reflect.DelegatingMethodAccessorImpl.invoke(DelegatingMethodAccessorImpl.java:43)
	at java.lang.reflect.Method.invoke(Method.java:498)
	at com.android.arsenal.util.ReflectionUtils.invoke(ReflectionUtils.java:52)
	at com.android.arsenal.util.ApkMasterUtils.main(ApkMasterUtils.java:30)
	at com.android.arsenal.service.processor.impl.BuildProcessorServiceImpl.buildProject(BuildProcessorServiceImpl.java:196)
	at com.android.arsenal.service.processor.impl.BuildProcessorServiceImpl.build(BuildProcessorServiceImpl.java:130)
	at com.android.arsenal.service.processor.impl.BuildProcessorServiceImpl.lambda$null$1(BuildProcessorServiceImpl.java:113)
	at java.util.concurrent.FutureTask.run(FutureTask.java:266)
	at java.util.concurrent.Executors$RunnableAdapter.call(Executors.java:511)
	at java.util.concurrent.FutureTask.run(FutureTask.java:266)
	at java.util.concurrent.ThreadPoolExecutor.runWorker(ThreadPoolExecutor.java:1149)
	at java.util.concurrent.ThreadPoolExecutor$Worker.run(ThreadPoolExecutor.java:624)
	at java.lang.Thread.run(Thread.java:748)
2019-10-06 19:50:46,001 INFO  SysUtils - Configuration on demand is an incubating feature.
> Task :app:preBuild UP-TO-DATE
> Task :app:preDebugBuild UP-TO-DATE
> Task :app:compileDebugAidl NO-SOURCE
> Task :app:generateDebugBuildConfig
> Task :app:compileDebugRenderscript NO-SOURCE
> Task :app:prepareLintJar
> Task :app:prepareLintJarForPublish
> Task :app:generateDebugSources
> Task :app:dataBindingExportBuildInfoDebug
> Task :app:dataBindingMergeDependencyArtifactsDebug
> Task :app:dataBindingMergeGenClassesDebug
> Task :app:generateDebugResValues
> Task :app:generateDebugResources
> Task :app:dataBindingExportFeaturePackageIdsDebug
> Task :app:mergeDebugResources
> Task :app:dataBindingGenBaseClassesDebug
> Task :app:mainApkListPersistenceDebug
> Task :app:createDebugCompatibleScreenManifests
> Task :app:extractDeepLinksDebug
> Task :app:processDebugManifest
> Task :app:mergeDebugShaders
> Task :app:compileDebugShaders
> Task :app:generateDebugAssets
> Task :app:mergeDebugAssets
> Task :app:processDebugJavaRes NO-SOURCE
> Task :app:processDebugResources
> Task :app:kaptGenerateStubsDebugKotlin

> Task :app:kaptDebugKotlin
w: warning: ERROR: Method references using '.' is deprecated. Instead of 'viewModel.onCheckedChanged', use 'viewModel::onCheckedChanged' file:///private/var/folders/bq/vtzpc5ns5sg2cthy61lqpg3dfzgbys/T/1570366155992-0/src/Kubwa-master/app/src/main/res/layout/activity_login.xml Line:69
w: [kapt] Incremental annotation processing requested, but support is disabled because the following processors are not incremental: com.wesleyelliott.kubwa.KubwaCompiler (NON_INCREMENTAL), com.google.auto.service.processor.AutoServiceProcessor (NON_INCREMENTAL).

> Task :app:compileDebugKotlin
> Task :app:javaPreCompileDebug
Note: Some input files use unchecked or unsafe operations.

> Task :app:compileDebugJavaWithJavac
Note: Recompile with -Xlint:unchecked for details.

> Task :app:compileDebugSources
> Task :app:dexBuilderDebug
> Task :app:checkDebugDuplicateClasses
> Task :app:mergeDebugJavaResource
> Task :app:mergeLibDexDebug
> Task :app:mergeDebugJniLibFolders
> Task :app:validateSigningDebug
> Task :app:preReleaseBuild UP-TO-DATE
> Task :app:compileReleaseAidl NO-SOURCE
> Task :app:compileReleaseRenderscript NO-SOURCE
> Task :app:generateReleaseBuildConfig
> Task :app:generateReleaseSources
> Task :app:dataBindingExportBuildInfoRelease
> Task :app:generateReleaseResValues
> Task :app:generateReleaseResources
> Task :app:dataBindingMergeDependencyArtifactsRelease
> Task :app:mergeProjectDexDebug
> Task :app:mainApkListPersistenceRelease
> Task :app:createReleaseCompatibleScreenManifests
> Task :app:extractDeepLinksRelease
> Task :app:processReleaseManifest
> Task :app:dataBindingMergeGenClassesRelease
> Task :app:mergeReleaseResources
> Task :app:dataBindingGenBaseClassesRelease
> Task :app:processReleaseResources
> Task :app:kaptGenerateStubsReleaseKotlin
> Task :app:mergeDebugNativeLibs
> Task :app:stripDebugDebugSymbols
> Task :app:dataBindingExportFeaturePackageIdsRelease

> Task :app:kaptReleaseKotlin
w: warning: ERROR: Method references using '.' is deprecated. Instead of 'viewModel.onCheckedChanged', use 'viewModel::onCheckedChanged' file:///private/var/folders/bq/vtzpc5ns5sg2cthy61lqpg3dfzgbys/T/1570366155992-0/src/Kubwa-master/app/src/main/res/layout/activity_login.xml Line:69
w: [kapt] Incremental annotation processing requested, but support is disabled because the following processors are not incremental: com.wesleyelliott.kubwa.KubwaCompiler (NON_INCREMENTAL), com.google.auto.service.processor.AutoServiceProcessor (NON_INCREMENTAL).

> Task :app:compileReleaseKotlin
> Task :app:checkReleaseDuplicateClasses
> Task :app:javaPreCompileRelease

> Task :app:compileReleaseJavaWithJavac
Note: Some input files use unchecked or unsafe operations.
Note: Recompile with -Xlint:unchecked for details.

> Task :app:compileReleaseSources
> Task :app:lintVitalRelease
> Task :app:dexBuilderRelease
> Task :app:mergeReleaseShaders
> Task :app:compileReleaseShaders
> Task :app:generateReleaseAssets
> Task :app:mergeReleaseAssets
> Task :app:processReleaseJavaRes NO-SOURCE
> Task :app:mergeReleaseJniLibFolders
> Task :app:mergeReleaseNativeLibs
> Task :app:stripReleaseDebugSymbols
> Task :app:mergeReleaseJavaResource
> Task :app:mergeExtDexDebug
> Task :app:packageDebug
> Task :app:assembleDebug
> Task :app:mergeExtDexRelease

> Task :app:mergeDexRelease FAILED
/private/var/folders/bq/vtzpc5ns5sg2cthy61lqpg3dfzgbys/T/1570366155992-0/src/Kubwa-master/app/build/intermediates/project_dex_archive/release/out/com/wesleyelliott/kubwa/BuildConfig.dex: D8: Type com.wesleyelliott.kubwa.BuildConfig is defined multiple times: /private/var/folders/bq/vtzpc5ns5sg2cthy61lqpg3dfzgbys/T/1570366155992-0/src/Kubwa-master/app/build/intermediates/project_dex_archive/release/out/com/wesleyelliott/kubwa/BuildConfig.dex, /private/var/folders/bq/vtzpc5ns5sg2cthy61lqpg3dfzgbys/T/1570366155992-0/src/Kubwa-master/app/build/intermediates/external_libs_dex/release/out/classes.dex
com.android.builder.dexing.DexArchiveMergerException: Error while merging dex archives: 
Learn how to resolve the issue at https://developer.android.com/studio/build/dependencies#duplicate_classes.
Type com.wesleyelliott.kubwa.BuildConfig is defined multiple times: /private/var/folders/bq/vtzpc5ns5sg2cthy61lqpg3dfzgbys/T/1570366155992-0/src/Kubwa-master/app/build/intermediates/project_dex_archive/release/out/com/wesleyelliott/kubwa/BuildConfig.dex, /private/var/folders/bq/vtzpc5ns5sg2cthy61lqpg3dfzgbys/T/1570366155992-0/src/Kubwa-master/app/build/intermediates/external_libs_dex/release/out/classes.dex
	at com.android.builder.dexing.D8DexArchiveMerger.getExceptionToRethrow(D8DexArchiveMerger.java:132)
	at com.android.builder.dexing.D8DexArchiveMerger.mergeDexArchives(D8DexArchiveMerger.java:119)
	at com.android.build.gradle.internal.transforms.DexMergerTransformCallable.call(DexMergerTransformCallable.java:102)
	at com.android.build.gradle.internal.tasks.DexMergingTaskRunnable.run(DexMergingTask.kt:445)
	at com.android.build.gradle.internal.tasks.Workers$ActionFacade.run(Workers.kt:348)
	at org.gradle.workers.internal.AdapterWorkAction.execute(AdapterWorkAction.java:50)
	at org.gradle.workers.internal.DefaultWorkerServer.execute(DefaultWorkerServer.java:47)
	at org.gradle.workers.internal.NoIsolationWorkerFactory$1$1$1.create(NoIsolationWorkerFactory.java:65)
	at org.gradle.workers.internal.NoIsolationWorkerFactory$1$1$1.create(NoIsolationWorkerFactory.java:61)
	at org.gradle.internal.classloader.ClassLoaderUtils.executeInClassloader(ClassLoaderUtils.java:98)
	at org.gradle.workers.internal.NoIsolationWorkerFactory$1$1.execute(NoIsolationWorkerFactory.java:61)
	at org.gradle.workers.internal.AbstractWorker$1.call(AbstractWorker.java:44)
	at org.gradle.workers.internal.AbstractWorker$1.call(AbstractWorker.java:41)
	at org.gradle.internal.operations.DefaultBuildOperationExecutor$CallableBuildOperationWorker.execute(DefaultBuildOperationExecutor.java:416)
	at org.gradle.internal.operations.DefaultBuildOperationExecutor$CallableBuildOperationWorker.execute(DefaultBuildOperationExecutor.java:406)
	at org.gradle.internal.operations.DefaultBuildOperationExecutor$1.execute(DefaultBuildOperationExecutor.java:165)
	at org.gradle.internal.operations.DefaultBuildOperationExecutor.execute(DefaultBuildOperationExecutor.java:250)
	at org.gradle.internal.operations.DefaultBuildOperationExecutor.execute(DefaultBuildOperationExecutor.java:158)
	at org.gradle.internal.operations.DefaultBuildOperationExecutor.call(DefaultBuildOperationExecutor.java:102)
	at org.gradle.internal.operations.DelegatingBuildOperationExecutor.call(DelegatingBuildOperationExecutor.java:36)
	at org.gradle.workers.internal.AbstractWorker.executeWrappedInBuildOperation(AbstractWorker.java:41)
	at org.gradle.workers.internal.NoIsolationWorkerFactory$1.execute(NoIsolationWorkerFactory.java:56)
	at org.gradle.workers.internal.DefaultWorkerExecutor$3.call(DefaultWorkerExecutor.java:215)
	at org.gradle.workers.internal.DefaultWorkerExecutor$3.call(DefaultWorkerExecutor.java:210)
	at java.util.concurrent.FutureTask.run(FutureTask.java:266)
	at org.gradle.internal.work.DefaultConditionalExecutionQueue$ExecutionRunner.runExecution(DefaultConditionalExecutionQueue.java:215)
	at org.gradle.internal.work.DefaultConditionalExecutionQueue$ExecutionRunner.runBatch(DefaultConditionalExecutionQueue.java:164)
	at org.gradle.internal.work.DefaultConditionalExecutionQueue$ExecutionRunner.run(DefaultConditionalExecutionQueue.java:131)
	at java.util.concurrent.Executors$RunnableAdapter.call(Executors.java:511)
	at java.util.concurrent.FutureTask.run(FutureTask.java:266)
	at org.gradle.internal.concurrent.ExecutorPolicy$CatchAndRecordFailures.onExecute(ExecutorPolicy.java:64)
	at org.gradle.internal.concurrent.ManagedExecutorImpl$1.run(ManagedExecutorImpl.java:48)
	at java.util.concurrent.ThreadPoolExecutor.runWorker(ThreadPoolExecutor.java:1149)
	at java.util.concurrent.ThreadPoolExecutor$Worker.run(ThreadPoolExecutor.java:624)
	at org.gradle.internal.concurrent.ThreadFactoryImpl$ManagedThreadRunnable.run(ThreadFactoryImpl.java:56)
	at java.lang.Thread.run(Thread.java:748)
Caused by: com.android.tools.r8.CompilationFailedException: Compilation failed to complete
	at com.android.tools.r8.utils.J.a(:58)
	at com.android.tools.r8.D8.run(:11)
	at com.android.builder.dexing.D8DexArchiveMerger.mergeDexArchives(D8DexArchiveMerger.java:117)
	... 34 more
Caused by: com.android.tools.r8.utils.b: Error: /private/var/folders/bq/vtzpc5ns5sg2cthy61lqpg3dfzgbys/T/1570366155992-0/src/Kubwa-master/app/build/intermediates/project_dex_archive/release/out/com/wesleyelliott/kubwa/BuildConfig.dex, Type com.wesleyelliott.kubwa.BuildConfig is defined multiple times: /private/var/folders/bq/vtzpc5ns5sg2cthy61lqpg3dfzgbys/T/1570366155992-0/src/Kubwa-master/app/build/intermediates/project_dex_archive/release/out/com/wesleyelliott/kubwa/BuildConfig.dex, /private/var/folders/bq/vtzpc5ns5sg2cthy61lqpg3dfzgbys/T/1570366155992-0/src/Kubwa-master/app/build/intermediates/external_libs_dex/release/out/classes.dex
	at com.android.tools.r8.utils.t0.a(:21)
	at com.android.tools.r8.utils.s0.a(:30)
	at com.android.tools.r8.utils.s0.a(:10)
	at java.util.concurrent.ConcurrentHashMap.merge(ConcurrentHashMap.java:1990)
	at com.android.tools.r8.utils.s0.a(:6)
	at com.android.tools.r8.graph.G0$c.a(:6)
	at com.android.tools.r8.dex.a.a(:64)
	at com.android.tools.r8.dex.a.a(:12)
	at com.android.tools.r8.D8.d(:6)
	at com.android.tools.r8.D8.b(:1)
	at com.android.tools.r8.utils.J.a(:23)
	... 36 more


FAILURE: Build failed with an exception.

* What went wrong:
Execution failed for task ':app:mergeDexRelease'.
> A failure occurred while executing com.android.build.gradle.internal.tasks.Workers$ActionFacade
   > com.android.builder.dexing.DexArchiveMergerException: Error while merging dex archives: 
     Learn how to resolve the issue at https://developer.android.com/studio/build/dependencies#duplicate_classes.
     Type com.wesleyelliott.kubwa.BuildConfig is defined multiple times: /private/var/folders/bq/vtzpc5ns5sg2cthy61lqpg3dfzgbys/T/1570366155992-0/src/Kubwa-master/app/build/intermediates/project_dex_archive/release/out/com/wesleyelliott/kubwa/BuildConfig.dex, /private/var/folders/bq/vtzpc5ns5sg2cthy61lqpg3dfzgbys/T/1570366155992-0/src/Kubwa-master/app/build/intermediates/external_libs_dex/release/out/classes.dex

* Try:
Run with --info or --debug option to get more log output. Run with --scan to get full insights.

* Exception is:
org.gradle.api.tasks.TaskExecutionException: Execution failed for task ':app:mergeDexRelease'.
	at org.gradle.api.internal.tasks.execution.ExecuteActionsTaskExecuter$3.accept(ExecuteActionsTaskExecuter.java:166)
	at org.gradle.api.internal.tasks.execution.ExecuteActionsTaskExecuter$3.accept(ExecuteActionsTaskExecuter.java:163)
	at org.gradle.internal.Try$Failure.ifSuccessfulOrElse(Try.java:191)
	at org.gradle.api.internal.tasks.execution.ExecuteActionsTaskExecuter.execute(ExecuteActionsTaskExecuter.java:156)
	at org.gradle.api.internal.tasks.execution.ValidatingTaskExecuter.execute(ValidatingTaskExecuter.java:62)
	at org.gradle.api.internal.tasks.execution.SkipEmptySourceFilesTaskExecuter.execute(SkipEmptySourceFilesTaskExecuter.java:108)
	at org.gradle.api.internal.tasks.execution.ResolveBeforeExecutionOutputsTaskExecuter.execute(ResolveBeforeExecutionOutputsTaskExecuter.java:67)
	at org.gradle.api.internal.tasks.execution.ResolveAfterPreviousExecutionStateTaskExecuter.execute(ResolveAfterPreviousExecutionStateTaskExecuter.java:46)
	at org.gradle.api.internal.tasks.execution.CleanupStaleOutputsExecuter.execute(CleanupStaleOutputsExecuter.java:94)
	at org.gradle.api.internal.tasks.execution.FinalizePropertiesTaskExecuter.execute(FinalizePropertiesTaskExecuter.java:46)
	at org.gradle.api.internal.tasks.execution.ResolveTaskExecutionModeExecuter.execute(ResolveTaskExecutionModeExecuter.java:95)
	at org.gradle.api.internal.tasks.execution.SkipTaskWithNoActionsExecuter.execute(SkipTaskWithNoActionsExecuter.java:57)
	at org.gradle.api.internal.tasks.execution.SkipOnlyIfTaskExecuter.execute(SkipOnlyIfTaskExecuter.java:56)
	at org.gradle.api.internal.tasks.execution.CatchExceptionTaskExecuter.execute(CatchExceptionTaskExecuter.java:36)
	at org.gradle.api.internal.tasks.execution.EventFiringTaskExecuter$1.executeTask(EventFiringTaskExecuter.java:77)
	at org.gradle.api.internal.tasks.execution.EventFiringTaskExecuter$1.call(EventFiringTaskExecuter.java:55)
	at org.gradle.api.internal.tasks.execution.EventFiringTaskExecuter$1.call(EventFiringTaskExecuter.java:52)
	at org.gradle.internal.operations.DefaultBuildOperationExecutor$CallableBuildOperationWorker.execute(DefaultBuildOperationExecutor.java:416)
	at org.gradle.internal.operations.DefaultBuildOperationExecutor$CallableBuildOperationWorker.execute(DefaultBuildOperationExecutor.java:406)
	at org.gradle.internal.operations.DefaultBuildOperationExecutor$1.execute(DefaultBuildOperationExecutor.java:165)
	at org.gradle.internal.operations.DefaultBuildOperationExecutor.execute(DefaultBuildOperationExecutor.java:250)
	at org.gradle.internal.operations.DefaultBuildOperationExecutor.execute(DefaultBuildOperationExecutor.java:158)
	at org.gradle.internal.operations.DefaultBuildOperationExecutor.call(DefaultBuildOperationExecutor.java:102)
	at org.gradle.internal.operations.DelegatingBuildOperationExecutor.call(DelegatingBuildOperationExecutor.java:36)
	at org.gradle.api.internal.tasks.execution.EventFiringTaskExecuter.execute(EventFiringTaskExecuter.java:52)
	at org.gradle.execution.plan.LocalTaskNodeExecutor.execute(LocalTaskNodeExecutor.java:43)
	at org.gradle.execution.taskgraph.DefaultTaskExecutionGraph$InvokeNodeExecutorsAction.execute(DefaultTaskExecutionGraph.java:355)
	at org.gradle.execution.taskgraph.DefaultTaskExecutionGraph$InvokeNodeExecutorsAction.execute(DefaultTaskExecutionGraph.java:343)
	at org.gradle.execution.taskgraph.DefaultTaskExecutionGraph$BuildOperationAwareExecutionAction.execute(DefaultTaskExecutionGraph.java:336)
	at org.gradle.execution.taskgraph.DefaultTaskExecutionGraph$BuildOperationAwareExecutionAction.execute(DefaultTaskExecutionGraph.java:322)
	at org.gradle.execution.plan.DefaultPlanExecutor$ExecutorWorker$1.execute(DefaultPlanExecutor.java:134)
	at org.gradle.execution.plan.DefaultPlanExecutor$ExecutorWorker$1.execute(DefaultPlanExecutor.java:129)
	at org.gradle.execution.plan.DefaultPlanExecutor$ExecutorWorker.execute(DefaultPlanExecutor.java:202)
	at org.gradle.execution.plan.DefaultPlanExecutor$ExecutorWorker.executeNextNode(DefaultPlanExecutor.java:193)
	at org.gradle.execution.plan.DefaultPlanExecutor$ExecutorWorker.run(DefaultPlanExecutor.java:129)
	at org.gradle.internal.concurrent.ExecutorPolicy$CatchAndRecordFailures.onExecute(ExecutorPolicy.java:64)
	at org.gradle.internal.concurrent.ManagedExecutorImpl$1.run(ManagedExecutorImpl.java:48)
	at org.gradle.internal.concurrent.ThreadFactoryImpl$ManagedThreadRunnable.run(ThreadFactoryImpl.java:56)
Caused by: org.gradle.workers.internal.DefaultWorkerExecutor$WorkExecutionException: A failure occurred while executing com.android.build.gradle.internal.tasks.Workers$ActionFacade
	at org.gradle.workers.internal.DefaultWorkerExecutor$WorkItemExecution.waitForCompletion(DefaultWorkerExecutor.java:375)
	at org.gradle.internal.work.DefaultAsyncWorkTracker.waitForItemsAndGatherFailures(DefaultAsyncWorkTracker.java:142)
	at org.gradle.internal.work.DefaultAsyncWorkTracker.access$000(DefaultAsyncWorkTracker.java:34)
	at org.gradle.internal.work.DefaultAsyncWorkTracker$1.run(DefaultAsyncWorkTracker.java:106)
	at org.gradle.internal.Factories$1.create(Factories.java:26)
	at org.gradle.internal.work.DefaultWorkerLeaseService.withoutLocks(DefaultWorkerLeaseService.java:260)
	at org.gradle.internal.work.DefaultWorkerLeaseService.withoutProjectLock(DefaultWorkerLeaseService.java:171)
	at org.gradle.internal.work.DefaultWorkerLeaseService.withoutProjectLock(DefaultWorkerLeaseService.java:165)
	at org.gradle.internal.work.StopShieldingWorkerLeaseService.withoutProjectLock(StopShieldingWorkerLeaseService.java:95)
	at org.gradle.internal.work.DefaultAsyncWorkTracker.waitForItemsAndGatherFailures(DefaultAsyncWorkTracker.java:102)
	at org.gradle.internal.work.DefaultAsyncWorkTracker.waitForAll(DefaultAsyncWorkTracker.java:80)
	at org.gradle.internal.work.DefaultAsyncWorkTracker.waitForCompletion(DefaultAsyncWorkTracker.java:68)
	at org.gradle.api.internal.tasks.execution.ExecuteActionsTaskExecuter$5.run(ExecuteActionsTaskExecuter.java:484)
	at org.gradle.internal.operations.DefaultBuildOperationExecutor$RunnableBuildOperationWorker.execute(DefaultBuildOperationExecutor.java:402)
	at org.gradle.internal.operations.DefaultBuildOperationExecutor$RunnableBuildOperationWorker.execute(DefaultBuildOperationExecutor.java:394)
	at org.gradle.internal.operations.DefaultBuildOperationExecutor$1.execute(DefaultBuildOperationExecutor.java:165)
	at org.gradle.internal.operations.DefaultBuildOperationExecutor.execute(DefaultBuildOperationExecutor.java:250)
	at org.gradle.internal.operations.DefaultBuildOperationExecutor.execute(DefaultBuildOperationExecutor.java:158)
	at org.gradle.internal.operations.DefaultBuildOperationExecutor.run(DefaultBuildOperationExecutor.java:92)
	at org.gradle.internal.operations.DelegatingBuildOperationExecutor.run(DelegatingBuildOperationExecutor.java:31)
	at org.gradle.api.internal.tasks.execution.ExecuteActionsTaskExecuter.executeAction(ExecuteActionsTaskExecuter.java:461)
	at org.gradle.api.internal.tasks.execution.ExecuteActionsTaskExecuter.executeActions(ExecuteActionsTaskExecuter.java:444)
	at org.gradle.api.internal.tasks.execution.ExecuteActionsTaskExecuter.access$200(ExecuteActionsTaskExecuter.java:93)
	at org.gradle.api.internal.tasks.execution.ExecuteActionsTaskExecuter$TaskExecution.execute(ExecuteActionsTaskExecuter.java:237)
	at org.gradle.internal.execution.steps.ExecuteStep.lambda$execute$1(ExecuteStep.java:33)
	at org.gradle.internal.execution.steps.ExecuteStep.execute(ExecuteStep.java:33)
	at org.gradle.internal.execution.steps.ExecuteStep.execute(ExecuteStep.java:26)
	at org.gradle.internal.execution.steps.CleanupOutputsStep.execute(CleanupOutputsStep.java:58)
	at org.gradle.internal.execution.steps.CleanupOutputsStep.execute(CleanupOutputsStep.java:35)
	at org.gradle.internal.execution.steps.ResolveInputChangesStep.execute(ResolveInputChangesStep.java:48)
	at org.gradle.internal.execution.steps.ResolveInputChangesStep.execute(ResolveInputChangesStep.java:33)
	at org.gradle.internal.execution.steps.CancelExecutionStep.execute(CancelExecutionStep.java:39)
	at org.gradle.internal.execution.steps.TimeoutStep.executeWithoutTimeout(TimeoutStep.java:73)
	at org.gradle.internal.execution.steps.TimeoutStep.execute(TimeoutStep.java:54)
	at org.gradle.internal.execution.steps.CatchExceptionStep.execute(CatchExceptionStep.java:35)
	at org.gradle.internal.execution.steps.CreateOutputsStep.execute(CreateOutputsStep.java:51)
	at org.gradle.internal.execution.steps.SnapshotOutputsStep.execute(SnapshotOutputsStep.java:45)
	at org.gradle.internal.execution.steps.SnapshotOutputsStep.execute(SnapshotOutputsStep.java:31)
	at org.gradle.internal.execution.steps.CacheStep.executeWithoutCache(CacheStep.java:208)
	at org.gradle.internal.execution.steps.CacheStep.execute(CacheStep.java:70)
	at org.gradle.internal.execution.steps.CacheStep.execute(CacheStep.java:45)
	at org.gradle.internal.execution.steps.BroadcastChangingOutputsStep.execute(BroadcastChangingOutputsStep.java:49)
	at org.gradle.internal.execution.steps.StoreSnapshotsStep.execute(StoreSnapshotsStep.java:43)
	at org.gradle.internal.execution.steps.StoreSnapshotsStep.execute(StoreSnapshotsStep.java:32)
	at org.gradle.internal.execution.steps.RecordOutputsStep.execute(RecordOutputsStep.java:38)
	at org.gradle.internal.execution.steps.RecordOutputsStep.execute(RecordOutputsStep.java:24)
	at org.gradle.internal.execution.steps.SkipUpToDateStep.executeBecause(SkipUpToDateStep.java:96)
	at org.gradle.internal.execution.steps.SkipUpToDateStep.lambda$execute$0(SkipUpToDateStep.java:89)
	at org.gradle.internal.execution.steps.SkipUpToDateStep.execute(SkipUpToDateStep.java:54)
	at org.gradle.internal.execution.steps.SkipUpToDateStep.execute(SkipUpToDateStep.java:38)
	at org.gradle.internal.execution.steps.ResolveChangesStep.execute(ResolveChangesStep.java:76)
	at org.gradle.internal.execution.steps.ResolveChangesStep.execute(ResolveChangesStep.java:37)
	at org.gradle.internal.execution.steps.legacy.MarkSnapshottingInputsFinishedStep.execute(MarkSnapshottingInputsFinishedStep.java:36)
	at org.gradle.internal.execution.steps.legacy.MarkSnapshottingInputsFinishedStep.execute(MarkSnapshottingInputsFinishedStep.java:26)
	at org.gradle.internal.execution.steps.ResolveCachingStateStep.execute(ResolveCachingStateStep.java:90)
	at org.gradle.internal.execution.steps.ResolveCachingStateStep.execute(ResolveCachingStateStep.java:48)
	at org.gradle.internal.execution.steps.CaptureStateBeforeExecutionStep.execute(CaptureStateBeforeExecutionStep.java:69)
	at org.gradle.internal.execution.steps.CaptureStateBeforeExecutionStep.execute(CaptureStateBeforeExecutionStep.java:47)
	at org.gradle.internal.execution.impl.DefaultWorkExecutor.execute(DefaultWorkExecutor.java:33)
	at org.gradle.api.internal.tasks.execution.ExecuteActionsTaskExecuter.execute(ExecuteActionsTaskExecuter.java:140)
	... 34 more
Caused by: com.android.build.api.transform.TransformException: com.android.builder.dexing.DexArchiveMergerException: Error while merging dex archives: 
Learn how to resolve the issue at https://developer.android.com/studio/build/dependencies#duplicate_classes.
Type com.wesleyelliott.kubwa.BuildConfig is defined multiple times: /private/var/folders/bq/vtzpc5ns5sg2cthy61lqpg3dfzgbys/T/1570366155992-0/src/Kubwa-master/app/build/intermediates/project_dex_archive/release/out/com/wesleyelliott/kubwa/BuildConfig.dex, /private/var/folders/bq/vtzpc5ns5sg2cthy61lqpg3dfzgbys/T/1570366155992-0/src/Kubwa-master/app/build/intermediates/external_libs_dex/release/out/classes.dex
	at com.android.build.gradle.internal.tasks.DexMergingTaskRunnable.run(DexMergingTask.kt:472)
	at com.android.build.gradle.internal.tasks.Workers$ActionFacade.run(Workers.kt:348)
	at org.gradle.workers.internal.AdapterWorkAction.execute(AdapterWorkAction.java:50)
	at org.gradle.workers.internal.DefaultWorkerServer.execute(DefaultWorkerServer.java:47)
	at org.gradle.workers.internal.NoIsolationWorkerFactory$1$1$1.create(NoIsolationWorkerFactory.java:65)
	at org.gradle.workers.internal.NoIsolationWorkerFactory$1$1$1.create(NoIsolationWorkerFactory.java:61)
	at org.gradle.internal.classloader.ClassLoaderUtils.executeInClassloader(ClassLoaderUtils.java:98)
	at org.gradle.workers.internal.NoIsolationWorkerFactory$1$1.execute(NoIsolationWorkerFactory.java:61)
	at org.gradle.workers.internal.AbstractWorker$1.call(AbstractWorker.java:44)
	at org.gradle.workers.internal.AbstractWorker$1.call(AbstractWorker.java:41)
	at org.gradle.internal.operations.DefaultBuildOperationExecutor$CallableBuildOperationWorker.execute(DefaultBuildOperationExecutor.java:416)
	at org.gradle.internal.operations.DefaultBuildOperationExecutor$CallableBuildOperationWorker.execute(DefaultBuildOperationExecutor.java:406)
	at org.gradle.internal.operations.DefaultBuildOperationExecutor$1.execute(DefaultBuildOperationExecutor.java:165)
	at org.gradle.internal.operations.DefaultBuildOperationExecutor.execute(DefaultBuildOperationExecutor.java:250)
	at org.gradle.internal.operations.DefaultBuildOperationExecutor.execute(DefaultBuildOperationExecutor.java:158)
	at org.gradle.internal.operations.DefaultBuildOperationExecutor.call(DefaultBuildOperationExecutor.java:102)
	at org.gradle.internal.operations.DelegatingBuildOperationExecutor.call(DelegatingBuildOperationExecutor.java:36)
	at org.gradle.workers.internal.AbstractWorker.executeWrappedInBuildOperation(AbstractWorker.java:41)
	at org.gradle.workers.internal.NoIsolationWorkerFactory$1.execute(NoIsolationWorkerFactory.java:56)
	at org.gradle.workers.internal.DefaultWorkerExecutor$3.call(DefaultWorkerExecutor.java:215)
	at org.gradle.workers.internal.DefaultWorkerExecutor$3.call(DefaultWorkerExecutor.java:210)
	at org.gradle.internal.work.DefaultConditionalExecutionQueue$ExecutionRunner.runExecution(DefaultConditionalExecutionQueue.java:215)
	at org.gradle.internal.work.DefaultConditionalExecutionQueue$ExecutionRunner.runBatch(DefaultConditionalExecutionQueue.java:164)
	at org.gradle.internal.work.DefaultConditionalExecutionQueue$ExecutionRunner.run(DefaultConditionalExecutionQueue.java:131)
	... 3 more
Caused by: com.android.builder.dexing.DexArchiveMergerException: Error while merging dex archives: 
Learn how to resolve the issue at https://developer.android.com/studio/build/dependencies#duplicate_classes.
Type com.wesleyelliott.kubwa.BuildConfig is defined multiple times: /private/var/folders/bq/vtzpc5ns5sg2cthy61lqpg3dfzgbys/T/1570366155992-0/src/Kubwa-master/app/build/intermediates/project_dex_archive/release/out/com/wesleyelliott/kubwa/BuildConfig.dex, /private/var/folders/bq/vtzpc5ns5sg2cthy61lqpg3dfzgbys/T/1570366155992-0/src/Kubwa-master/app/build/intermediates/external_libs_dex/release/out/classes.dex
	at com.android.builder.dexing.D8DexArchiveMerger.getExceptionToRethrow(D8DexArchiveMerger.java:132)
	at com.android.builder.dexing.D8DexArchiveMerger.mergeDexArchives(D8DexArchiveMerger.java:119)
	at com.android.build.gradle.internal.transforms.DexMergerTransformCallable.call(DexMergerTransformCallable.java:102)
	at com.android.build.gradle.internal.tasks.DexMergingTaskRunnable.run(DexMergingTask.kt:445)
	... 26 more
Caused by: com.android.tools.r8.CompilationFailedException: Compilation failed to complete
	at com.android.tools.r8.utils.J.a(:58)
	at com.android.tools.r8.D8.run(:11)
	at com.android.builder.dexing.D8DexArchiveMerger.mergeDexArchives(D8DexArchiveMerger.java:117)
	... 28 more
Caused by: com.android.tools.r8.utils.b: Error: /private/var/folders/bq/vtzpc5ns5sg2cthy61lqpg3dfzgbys/T/1570366155992-0/src/Kubwa-master/app/build/intermediates/project_dex_archive/release/out/com/wesleyelliott/kubwa/BuildConfig.dex, Type com.wesleyelliott.kubwa.BuildConfig is defined multiple times: /private/var/folders/bq/vtzpc5ns5sg2cthy61lqpg3dfzgbys/T/1570366155992-0/src/Kubwa-master/app/build/intermediates/project_dex_archive/release/out/com/wesleyelliott/kubwa/BuildConfig.dex, /private/var/folders/bq/vtzpc5ns5sg2cthy61lqpg3dfzgbys/T/1570366155992-0/src/Kubwa-master/app/build/intermediates/external_libs_dex/release/out/classes.dex
	at com.android.tools.r8.utils.t0.a(:21)
	at com.android.tools.r8.utils.s0.a(:30)
	at com.android.tools.r8.utils.s0.a(:10)
	at com.android.tools.r8.utils.s0.a(:6)
	at com.android.tools.r8.graph.G0$c.a(:6)
	at com.android.tools.r8.dex.a.a(:64)
	at com.android.tools.r8.dex.a.a(:12)
	at com.android.tools.r8.D8.d(:6)
	at com.android.tools.r8.D8.b(:1)
	at com.android.tools.r8.utils.J.a(:23)
	... 30 more


* Get more help at https://help.gradle.org

BUILD FAILED in 1m 11s
64 actionable tasks: 64 executed

2019-10-06 19:50:46,042 INFO  FullProcessService - Found APK file: /var/folders/bq/vtzpc5ns5sg2cthy61lqpg3dfzgbys/T/1570366155992-0/src/Kubwa-master/app/build/outputs/apk/debug/app-debug.apk
