2019-07-05 20:10:04,558 INFO  DownloadService - Downloading "https://github.com/LateNightProductions/CardKeeper/archive/master.zip", attempt 3
2019-07-05 20:10:09,666 INFO  DownloadService - Downloaded https://github.com/LateNightProductions/CardKeeper/archive/master.zip, attempt 3
2019-07-05 20:10:09,666 INFO  DownloadService - Size of file "/var/folders/bq/vtzpc5ns5sg2cthy61lqpg3dfzgbys/T/1562332204556-0/master.zip": 6 MB
2019-07-05 20:10:09,666 INFO  ArchiveUtils - Checking entries [.gradle] in ZIP file...
2019-07-05 20:10:09,674 INFO  ArchiveUtils - Has entries [.gradle] in ZIP file /var/folders/bq/vtzpc5ns5sg2cthy61lqpg3dfzgbys/T/1562332204556-0/master.zip: true
2019-07-05 20:10:09,675 DEBUG ZipUtil - Extracting '/var/folders/bq/vtzpc5ns5sg2cthy61lqpg3dfzgbys/T/1562332204556-0/master.zip' into '/var/folders/bq/vtzpc5ns5sg2cthy61lqpg3dfzgbys/T/1562332204556-0/src'.
2019-07-05 20:10:09,733 INFO  FullProcessService - Size of directory with sources: 6 MB
2019-07-05 20:10:09,733 INFO  SysUtils - Execute command: [git, init, /var/folders/bq/vtzpc5ns5sg2cthy61lqpg3dfzgbys/T/1562332204556-0/src]
2019-07-05 20:10:09,750 INFO  SysUtils - Initialized empty Git repository in /private/var/folders/bq/vtzpc5ns5sg2cthy61lqpg3dfzgbys/T/1562332204556-0/src/.git/

2019-07-05 20:10:09,753 INFO  ProjectBuildService - Gradle wrapper(s): /var/folders/bq/vtzpc5ns5sg2cthy61lqpg3dfzgbys/T/1562332204556-0/src/CardKeeper-master/gradlew
2019-07-05 20:10:09,757 INFO  ProjectBuildService - Build script(s): /var/folders/bq/vtzpc5ns5sg2cthy61lqpg3dfzgbys/T/1562332204556-0/src/CardKeeper-master/app/build.gradle /var/folders/bq/vtzpc5ns5sg2cthy61lqpg3dfzgbys/T/1562332204556-0/src/CardKeeper-master/build.gradle
2019-07-05 20:10:09,760 INFO  ProjectBuildService - All script(s): /var/folders/bq/vtzpc5ns5sg2cthy61lqpg3dfzgbys/T/1562332204556-0/src/CardKeeper-master/app/build.gradle /var/folders/bq/vtzpc5ns5sg2cthy61lqpg3dfzgbys/T/1562332204556-0/src/CardKeeper-master/build.gradle /var/folders/bq/vtzpc5ns5sg2cthy61lqpg3dfzgbys/T/1562332204556-0/src/CardKeeper-master/settings.gradle
2019-07-05 20:10:09,760 INFO  ProjectBuildService - Remote scripts: none
2019-07-05 20:10:09,760 INFO  ProjectFixService - Fixing project...
2019-07-05 20:10:09,768 INFO  LocalPropertiesFixService - Created fake /var/folders/bq/vtzpc5ns5sg2cthy61lqpg3dfzgbys/T/1562332204556-0/src/CardKeeper-master/app/local.properties
2019-07-05 20:10:09,769 INFO  ProjectFixService - Build info for "/var/folders/bq/vtzpc5ns5sg2cthy61lqpg3dfzgbys/T/1562332204556-0/src/CardKeeper-master/app/build.gradle": [buildToolsVersion=28.0.3,compileSdkVersion=28,minSdkVersion=19,targetSdkVersion=28]
2019-07-05 20:10:09,769 INFO  LocalPropertiesFixService - Created fake /var/folders/bq/vtzpc5ns5sg2cthy61lqpg3dfzgbys/T/1562332204556-0/src/CardKeeper-master/local.properties
2019-07-05 20:10:09,769 INFO  WrapperPropertiesFixService - Gradle wrapper: https://services.gradle.org/distributions/gradle-5.1.1-all.zip
2019-07-05 20:10:09,769 INFO  WrapperPropertiesFixService - Gradle wrapper was changed from "-all.zip" to "-bin.zip" (https://services.gradle.org/distributions/gradle-5.1.1-bin.zip)
2019-07-05 20:10:09,770 INFO  ProjectFixService - Build info for "/var/folders/bq/vtzpc5ns5sg2cthy61lqpg3dfzgbys/T/1562332204556-0/src/CardKeeper-master/build.gradle": [buildToolsVersion=28.0.3,compileSdkVersion=28,minSdkVersion=19,targetSdkVersion=28]
2019-07-05 20:10:09,770 INFO  ProjectFixService - Project was maybe fixed
2019-07-05 20:10:09,770 INFO  ProjectTaskService - Detecting possible tasks...
2019-07-05 20:10:09,770 INFO  SysUtils - Execute command: [/var/folders/bq/vtzpc5ns5sg2cthy61lqpg3dfzgbys/T/1562332204556-0/src/CardKeeper-master/gradlew, -b, /var/folders/bq/vtzpc5ns5sg2cthy61lqpg3dfzgbys/T/1562332204556-0/src/CardKeeper-master/app/build.gradle, -Dorg.gradle.daemon=false, -Dorg.gradle.daemon.performance.enable-monitoring=false, -Dorg.gradle.configureondemand=true, tasks]
2019-07-05 20:10:17,764 INFO  ProjectTaskService - Detected possible tasks: 91
2019-07-05 20:10:17,764 INFO  ProjectTaskService - Excluded tasks (8): deviceCheck lint deviceAndroidTest connectedCheck uninstallAll test check connectedAndroidTest
2019-07-05 20:10:17,765 INFO  SysUtils - Execute command: [/var/folders/bq/vtzpc5ns5sg2cthy61lqpg3dfzgbys/T/1562332204556-0/src/CardKeeper-master/gradlew, -b, /var/folders/bq/vtzpc5ns5sg2cthy61lqpg3dfzgbys/T/1562332204556-0/src/CardKeeper-master/app/build.gradle, -Dorg.gradle.daemon=false, -Dorg.gradle.daemon.performance.enable-monitoring=false, -Dorg.gradle.configureondemand=true, --stacktrace, -x, deviceCheck, -x, lint, -x, deviceAndroidTest, -x, connectedCheck, -x, uninstallAll, -x, test, -x, check, -x, connectedAndroidTest, build]
2019-07-05 20:11:26,636 ERROR SysUtils - Could not process external command
org.apache.commons.exec.ExecuteException: Process exited with an error: 1 (Exit value: 1)
	at org.apache.commons.exec.DefaultExecutor.executeInternal(DefaultExecutor.java:404)
	at org.apache.commons.exec.DefaultExecutor.execute(DefaultExecutor.java:166)
	at com.github.vbauer.apkmaster.util.SysUtils.execute(SysUtils.java:67)
	at com.github.vbauer.apkmaster.util.SysUtils.executeSimple(SysUtils.java:43)
	at com.github.vbauer.apkmaster.service.assembly.ProjectBuildService.buildProject(ProjectBuildService.java:78)
	at com.github.vbauer.apkmaster.service.assembly.ProjectBuildService.buildProject(ProjectBuildService.java:64)
	at com.github.vbauer.apkmaster.service.assembly.ProjectBuildService.buildProject(ProjectBuildService.java:43)
	at com.github.vbauer.apkmaster.service.FullProcessService.build(FullProcessService.java:84)
	at com.github.vbauer.apkmaster.service.FullProcessService.process(FullProcessService.java:34)
	at com.github.vbauer.apkmaster.app.MainApplication.process(MainApplication.java:38)
	at com.github.vbauer.apkmaster.app.MainApplication.main(MainApplication.java:20)
	at sun.reflect.GeneratedMethodAccessor8.invoke(Unknown Source)
	at sun.reflect.DelegatingMethodAccessorImpl.invoke(DelegatingMethodAccessorImpl.java:43)
	at java.lang.reflect.Method.invoke(Method.java:498)
	at com.android.arsenal.util.ReflectionUtils.invoke(ReflectionUtils.java:52)
	at com.android.arsenal.util.ApkMasterUtils.main(ApkMasterUtils.java:30)
	at com.android.arsenal.service.processor.impl.BuildProcessorServiceImpl.buildProject(BuildProcessorServiceImpl.java:196)
	at com.android.arsenal.service.processor.impl.BuildProcessorServiceImpl.build(BuildProcessorServiceImpl.java:130)
	at com.android.arsenal.service.processor.impl.BuildProcessorServiceImpl.lambda$createTasks$1(BuildProcessorServiceImpl.java:113)
	at java.util.concurrent.FutureTask.run(FutureTask.java:266)
	at java.util.concurrent.Executors$RunnableAdapter.call(Executors.java:511)
	at java.util.concurrent.FutureTask.run(FutureTask.java:266)
	at java.util.concurrent.ThreadPoolExecutor.runWorker(ThreadPoolExecutor.java:1149)
	at java.util.concurrent.ThreadPoolExecutor$Worker.run(ThreadPoolExecutor.java:624)
	at java.lang.Thread.run(Thread.java:748)
2019-07-05 20:11:26,636 INFO  SysUtils - Configuration on demand is an incubating feature.

> Configure project :app
'kapt.generateStubs' is not used by the 'kotlin-kapt' plugin
'kapt.generateStubs' is not used by the 'kotlin-kapt' plugin
'kapt.generateStubs' is not used by the 'kotlin-kapt' plugin
'kapt.generateStubs' is not used by the 'kotlin-kapt' plugin
'kapt.generateStubs' is not used by the 'kotlin-kapt' plugin
'kapt.generateStubs' is not used by the 'kotlin-kapt' plugin
'kapt.generateStubs' is not used by the 'kotlin-kapt' plugin
'kapt.generateStubs' is not used by the 'kotlin-kapt' plugin
'kapt.generateStubs' is not used by the 'kotlin-kapt' plugin
'kapt.generateStubs' is not used by the 'kotlin-kapt' plugin
'kapt.generateStubs' is not used by the 'kotlin-kapt' plugin
'kapt.generateStubs' is not used by the 'kotlin-kapt' plugin
'kapt.generateStubs' is not used by the 'kotlin-kapt' plugin
'kapt.generateStubs' is not used by the 'kotlin-kapt' plugin
'kapt.generateStubs' is not used by the 'kotlin-kapt' plugin
'kapt.generateStubs' is not used by the 'kotlin-kapt' plugin
'kapt.generateStubs' is not used by the 'kotlin-kapt' plugin
'kapt.generateStubs' is not used by the 'kotlin-kapt' plugin
'kapt.generateStubs' is not used by the 'kotlin-kapt' plugin
'kapt.generateStubs' is not used by the 'kotlin-kapt' plugin

> Task :app:preBuild UP-TO-DATE
> Task :app:preDevDebugBuild
> Task :app:compileDevDebugAidl NO-SOURCE
> Task :app:checkDevDebugManifest
> Task :app:compileDevDebugRenderscript NO-SOURCE
> Task :app:generateDevDebugBuildConfig
> Task :app:writeDevDebugApplicationId
> Task :app:generateSafeArgsDevDebug
> Task :app:mainApkListPersistenceDevDebug
> Task :app:mergeDevDebugShaders
> Task :app:compileDevDebugShaders
> Task :app:generateDevDebugAssets
> Task :app:mergeDevDebugAssets
> Task :app:createDevDebugCompatibleScreenManifests
> Task :app:processDevDebugManifest
> Task :app:fabricGenerateResourcesDevDebug
> Task :app:generateDevDebugResValues
> Task :app:generateDevDebugResources
> Task :app:mergeDevDebugResources
> Task :app:processDevDebugResources
> Task :app:kaptGenerateStubsDevDebugKotlin
> Task :app:kaptDevDebugKotlin
> Task :app:compileDevDebugKotlin
> Task :app:prepareLintJar
> Task :app:generateDevDebugSources
> Task :app:javaPreCompileDevDebug
> Task :app:compileDevDebugJavaWithJavac
> Task :app:compileDevDebugSources
> Task :app:validateSigningDevDebug
> Task :app:signingConfigWriterDevDebug
> Task :app:checkDevDebugDuplicateClasses
> Task :app:transformClassesWithDexBuilderForDevDebug
> Task :app:transformDexArchiveWithExternalLibsDexMergerForDevDebug
> Task :app:transformDexArchiveWithDexMergerForDevDebug
> Task :app:mergeDevDebugJniLibFolders
> Task :app:transformNativeLibsWithMergeJniLibsForDevDebug
> Task :app:transformNativeLibsWithStripDebugSymbolForDevDebug
> Task :app:processDevDebugJavaRes NO-SOURCE
> Task :app:transformResourcesWithMergeJavaResForDevDebug
> Task :app:packageDevDebug
> Task :app:assembleDevDebug
> Task :app:preProdDebugBuild
> Task :app:compileProdDebugAidl NO-SOURCE
> Task :app:compileProdDebugRenderscript NO-SOURCE
> Task :app:checkProdDebugManifest
> Task :app:generateProdDebugBuildConfig
> Task :app:writeProdDebugApplicationId
> Task :app:generateSafeArgsProdDebug
> Task :app:mainApkListPersistenceProdDebug
> Task :app:mergeProdDebugShaders
> Task :app:compileProdDebugShaders
> Task :app:generateProdDebugAssets
> Task :app:mergeProdDebugAssets
> Task :app:createProdDebugCompatibleScreenManifests
> Task :app:processProdDebugManifest
> Task :app:fabricGenerateResourcesProdDebug
> Task :app:generateProdDebugResValues
> Task :app:generateProdDebugResources
> Task :app:mergeProdDebugResources
> Task :app:processProdDebugResources
> Task :app:kaptGenerateStubsProdDebugKotlin
> Task :app:kaptProdDebugKotlin
> Task :app:compileProdDebugKotlin
> Task :app:generateProdDebugSources
> Task :app:javaPreCompileProdDebug
> Task :app:compileProdDebugJavaWithJavac
> Task :app:compileProdDebugSources
> Task :app:validateSigningProdDebug
> Task :app:signingConfigWriterProdDebug
> Task :app:checkProdDebugDuplicateClasses
> Task :app:transformClassesWithDexBuilderForProdDebug
> Task :app:transformDexArchiveWithExternalLibsDexMergerForProdDebug
> Task :app:transformDexArchiveWithDexMergerForProdDebug
> Task :app:mergeProdDebugJniLibFolders
> Task :app:transformNativeLibsWithMergeJniLibsForProdDebug
> Task :app:transformNativeLibsWithStripDebugSymbolForProdDebug
> Task :app:processProdDebugJavaRes NO-SOURCE
> Task :app:transformResourcesWithMergeJavaResForProdDebug
> Task :app:packageProdDebug
> Task :app:assembleProdDebug
> Task :app:assembleDebug
> Task :app:preDevReleaseBuild
> Task :app:compileDevReleaseAidl NO-SOURCE
> Task :app:compileDevReleaseRenderscript NO-SOURCE
> Task :app:checkDevReleaseManifest
> Task :app:generateDevReleaseBuildConfig
> Task :app:writeDevReleaseApplicationId
> Task :app:generateSafeArgsDevRelease
> Task :app:mainApkListPersistenceDevRelease
> Task :app:mergeDevReleaseShaders
> Task :app:compileDevReleaseShaders
> Task :app:generateDevReleaseAssets
> Task :app:mergeDevReleaseAssets
> Task :app:createDevReleaseCompatibleScreenManifests
> Task :app:processDevReleaseManifest
> Task :app:fabricGenerateResourcesDevRelease
> Task :app:generateDevReleaseResValues
> Task :app:generateDevReleaseResources
> Task :app:mergeDevReleaseResources
> Task :app:processDevReleaseResources
> Task :app:kaptGenerateStubsDevReleaseKotlin
> Task :app:kaptDevReleaseKotlin
> Task :app:compileDevReleaseKotlin
> Task :app:generateDevReleaseSources
> Task :app:javaPreCompileDevRelease
> Task :app:compileDevReleaseJavaWithJavac
> Task :app:compileDevReleaseSources
> Task :app:signingConfigWriterDevRelease
> Task :app:lintVitalDevRelease FAILED

FAILURE: Build failed with an exception.

* What went wrong:
Execution failed for task ':app:lintVitalDevRelease'.
> Could not resolve all artifacts for configuration ':app:prodDebugAndroidTestRuntimeClasspath'.
   > Could not resolve androidx.test:core:{strictly 1.1.0}.
     Required by:
         project :app
      > Cannot find a version of 'androidx.test:core' that satisfies the version constraints: 
           Dependency path 'CardKeeper-master:app:unspecified' --> 'androidx.test.ext:junit:1.1.1' --> 'androidx.test:core:1.2.0'
           Constraint path 'CardKeeper-master:app:unspecified' --> 'androidx.test:core:{strictly 1.1.0}' because of the following reason: prodDebugRuntimeClasspath uses version 1.1.0
           Dependency path 'CardKeeper-master:app:unspecified' --> 'androidx.fragment:fragment-testing:1.1.0-beta01' --> 'androidx.test:core:1.1.0'
           Constraint path 'CardKeeper-master:app:unspecified' --> 'androidx.test:core:{strictly 1.1.0}' because of the following reason: prodDebugRuntimeClasspath uses version 1.1.0
           Constraint path 'CardKeeper-master:app:unspecified' --> 'androidx.test:core:{strictly 1.1.0}' because of the following reason: prodDebugRuntimeClasspath uses version 1.1.0
           Constraint path 'CardKeeper-master:app:unspecified' --> 'androidx.test:core:{strictly 1.1.0}' because of the following reason: prodDebugRuntimeClasspath uses version 1.1.0
           Constraint path 'CardKeeper-master:app:unspecified' --> 'androidx.test:core:{strictly 1.1.0}' because of the following reason: prodDebugRuntimeClasspath uses version 1.1.0
           Constraint path 'CardKeeper-master:app:unspecified' --> 'androidx.test:core:{strictly 1.1.0}' because of the following reason: prodDebugRuntimeClasspath uses version 1.1.0
           Constraint path 'CardKeeper-master:app:unspecified' --> 'androidx.test:core:{strictly 1.1.0}' because of the following reason: prodDebugRuntimeClasspath uses version 1.1.0
           Constraint path 'CardKeeper-master:app:unspecified' --> 'androidx.test:core:{strictly 1.1.0}' because of the following reason: prodDebugRuntimeClasspath uses version 1.1.0
           Constraint path 'CardKeeper-master:app:unspecified' --> 'androidx.test:core:{strictly 1.1.0}' because of the following reason: prodDebugRuntimeClasspath uses version 1.1.0
           Constraint path 'CardKeeper-master:app:unspecified' --> 'androidx.test:core:{strictly 1.1.0}' because of the following reason: prodDebugRuntimeClasspath uses version 1.1.0
           Constraint path 'CardKeeper-master:app:unspecified' --> 'androidx.test:core:{strictly 1.1.0}' because of the following reason: prodDebugRuntimeClasspath uses version 1.1.0
           Constraint path 'CardKeeper-master:app:unspecified' --> 'androidx.test:core:{strictly 1.1.0}' because of the following reason: prodDebugRuntimeClasspath uses version 1.1.0
           Constraint path 'CardKeeper-master:app:unspecified' --> 'androidx.test:core:{strictly 1.1.0}' because of the following reason: prodDebugRuntimeClasspath uses version 1.1.0
           Constraint path 'CardKeeper-master:app:unspecified' --> 'androidx.test:core:{strictly 1.1.0}' because of the following reason: prodDebugRuntimeClasspath uses version 1.1.0
           Constraint path 'CardKeeper-master:app:unspecified' --> 'androidx.test:core:{strictly 1.1.0}' because of the following reason: prodDebugRuntimeClasspath uses version 1.1.0
           Constraint path 'CardKeeper-master:app:unspecified' --> 'androidx.test:core:{strictly 1.1.0}' because of the following reason: prodDebugRuntimeClasspath uses version 1.1.0
           Constraint path 'CardKeeper-master:app:unspecified' --> 'androidx.test:core:{strictly 1.1.0}' because of the following reason: prodDebugRuntimeClasspath uses version 1.1.0
           Constraint path 'CardKeeper-master:app:unspecified' --> 'androidx.test:core:{strictly 1.1.0}' because of the following reason: prodDebugRuntimeClasspath uses version 1.1.0
           Constraint path 'CardKeeper-master:app:unspecified' --> 'androidx.test:core:{strictly 1.1.0}' because of the following reason: prodDebugRuntimeClasspath uses version 1.1.0
           Constraint path 'CardKeeper-master:app:unspecified' --> 'androidx.test:core:{strictly 1.1.0}' because of the following reason: prodDebugRuntimeClasspath uses version 1.1.0
           Constraint path 'CardKeeper-master:app:unspecified' --> 'androidx.test:core:{strictly 1.1.0}' because of the following reason: prodDebugRuntimeClasspath uses version 1.1.0
           Constraint path 'CardKeeper-master:app:unspecified' --> 'androidx.test:core:{strictly 1.1.0}' because of the following reason: prodDebugRuntimeClasspath uses version 1.1.0
           Constraint path 'CardKeeper-master:app:unspecified' --> 'androidx.test:core:{strictly 1.1.0}' because of the following reason: prodDebugRuntimeClasspath uses version 1.1.0
           Constraint path 'CardKeeper-master:app:unspecified' --> 'androidx.test:core:{strictly 1.1.0}' because of the following reason: prodDebugRuntimeClasspath uses version 1.1.0
           Constraint path 'CardKeeper-master:app:unspecified' --> 'androidx.test:core:{strictly 1.1.0}' because of the following reason: prodDebugRuntimeClasspath uses version 1.1.0
           Constraint path 'CardKeeper-master:app:unspecified' --> 'androidx.test:core:{strictly 1.1.0}' because of the following reason: prodDebugRuntimeClasspath uses version 1.1.0
           Constraint path 'CardKeeper-master:app:unspecified' --> 'androidx.test:core:{strictly 1.1.0}' because of the following reason: prodDebugRuntimeClasspath uses version 1.1.0
           Constraint path 'CardKeeper-master:app:unspecified' --> 'androidx.test:core:{strictly 1.1.0}' because of the following reason: prodDebugRuntimeClasspath uses version 1.1.0
           Constraint path 'CardKeeper-master:app:unspecified' --> 'androidx.test:core:{strictly 1.1.0}' because of the following reason: prodDebugRuntimeClasspath uses version 1.1.0
           Constraint path 'CardKeeper-master:app:unspecified' --> 'androidx.test:core:{strictly 1.1.0}' because of the following reason: prodDebugRuntimeClasspath uses version 1.1.0

   > Could not resolve androidx.test:monitor:{strictly 1.1.1}.
     Required by:
         project :app
      > Cannot find a version of 'androidx.test:monitor' that satisfies the version constraints: 
           Dependency path 'CardKeeper-master:app:unspecified' --> 'androidx.test.ext:junit:1.1.1' --> 'androidx.test:monitor:1.2.0'
           Constraint path 'CardKeeper-master:app:unspecified' --> 'androidx.test:monitor:{strictly 1.1.1}' because of the following reason: prodDebugRuntimeClasspath uses version 1.1.1
           Dependency path 'CardKeeper-master:app:unspecified' --> 'androidx.test:runner:1.2.0' --> 'androidx.test:monitor:1.2.0'
           Constraint path 'CardKeeper-master:app:unspecified' --> 'androidx.test:monitor:{strictly 1.1.1}' because of the following reason: prodDebugRuntimeClasspath uses version 1.1.1
           Constraint path 'CardKeeper-master:app:unspecified' --> 'androidx.test:monitor:{strictly 1.1.1}' because of the following reason: prodDebugRuntimeClasspath uses version 1.1.1
           Constraint path 'CardKeeper-master:app:unspecified' --> 'androidx.test:monitor:{strictly 1.1.1}' because of the following reason: prodDebugRuntimeClasspath uses version 1.1.1
           Constraint path 'CardKeeper-master:app:unspecified' --> 'androidx.test:monitor:{strictly 1.1.1}' because of the following reason: prodDebugRuntimeClasspath uses version 1.1.1
           Constraint path 'CardKeeper-master:app:unspecified' --> 'androidx.test:monitor:{strictly 1.1.1}' because of the following reason: prodDebugRuntimeClasspath uses version 1.1.1
           Constraint path 'CardKeeper-master:app:unspecified' --> 'androidx.test:monitor:{strictly 1.1.1}' because of the following reason: prodDebugRuntimeClasspath uses version 1.1.1
           Constraint path 'CardKeeper-master:app:unspecified' --> 'androidx.test:monitor:{strictly 1.1.1}' because of the following reason: prodDebugRuntimeClasspath uses version 1.1.1
           Constraint path 'CardKeeper-master:app:unspecified' --> 'androidx.test:monitor:{strictly 1.1.1}' because of the following reason: prodDebugRuntimeClasspath uses version 1.1.1
           Constraint path 'CardKeeper-master:app:unspecified' --> 'androidx.test:monitor:{strictly 1.1.1}' because of the following reason: prodDebugRuntimeClasspath uses version 1.1.1
           Constraint path 'CardKeeper-master:app:unspecified' --> 'androidx.test:monitor:{strictly 1.1.1}' because of the following reason: prodDebugRuntimeClasspath uses version 1.1.1
           Constraint path 'CardKeeper-master:app:unspecified' --> 'androidx.test:monitor:{strictly 1.1.1}' because of the following reason: prodDebugRuntimeClasspath uses version 1.1.1
           Constraint path 'CardKeeper-master:app:unspecified' --> 'androidx.test:monitor:{strictly 1.1.1}' because of the following reason: prodDebugRuntimeClasspath uses version 1.1.1
           Constraint path 'CardKeeper-master:app:unspecified' --> 'androidx.test:monitor:{strictly 1.1.1}' because of the following reason: prodDebugRuntimeClasspath uses version 1.1.1
           Dependency path 'CardKeeper-master:app:unspecified' --> 'androidx.test.ext:junit:1.1.1' --> 'androidx.test:core:1.2.0' --> 'androidx.test:monitor:1.2.0'
           Constraint path 'CardKeeper-master:app:unspecified' --> 'androidx.test:monitor:{strictly 1.1.1}' because of the following reason: prodDebugRuntimeClasspath uses version 1.1.1
           Constraint path 'CardKeeper-master:app:unspecified' --> 'androidx.test:monitor:{strictly 1.1.1}' because of the following reason: prodDebugRuntimeClasspath uses version 1.1.1
           Constraint path 'CardKeeper-master:app:unspecified' --> 'androidx.test:monitor:{strictly 1.1.1}' because of the following reason: prodDebugRuntimeClasspath uses version 1.1.1
           Constraint path 'CardKeeper-master:app:unspecified' --> 'androidx.test:monitor:{strictly 1.1.1}' because of the following reason: prodDebugRuntimeClasspath uses version 1.1.1
           Constraint path 'CardKeeper-master:app:unspecified' --> 'androidx.test:monitor:{strictly 1.1.1}' because of the following reason: prodDebugRuntimeClasspath uses version 1.1.1
           Constraint path 'CardKeeper-master:app:unspecified' --> 'androidx.test:monitor:{strictly 1.1.1}' because of the following reason: prodDebugRuntimeClasspath uses version 1.1.1
           Constraint path 'CardKeeper-master:app:unspecified' --> 'androidx.test:monitor:{strictly 1.1.1}' because of the following reason: prodDebugRuntimeClasspath uses version 1.1.1
           Constraint path 'CardKeeper-master:app:unspecified' --> 'androidx.test:monitor:{strictly 1.1.1}' because of the following reason: prodDebugRuntimeClasspath uses version 1.1.1
           Constraint path 'CardKeeper-master:app:unspecified' --> 'androidx.test:monitor:{strictly 1.1.1}' because of the following reason: prodDebugRuntimeClasspath uses version 1.1.1
           Constraint path 'CardKeeper-master:app:unspecified' --> 'androidx.test:monitor:{strictly 1.1.1}' because of the following reason: prodDebugRuntimeClasspath uses version 1.1.1
           Constraint path 'CardKeeper-master:app:unspecified' --> 'androidx.test:monitor:{strictly 1.1.1}' because of the following reason: prodDebugRuntimeClasspath uses version 1.1.1
           Constraint path 'CardKeeper-master:app:unspecified' --> 'androidx.test:monitor:{strictly 1.1.1}' because of the following reason: prodDebugRuntimeClasspath uses version 1.1.1
           Constraint path 'CardKeeper-master:app:unspecified' --> 'androidx.test:monitor:{strictly 1.1.1}' because of the following reason: prodDebugRuntimeClasspath uses version 1.1.1
           Constraint path 'CardKeeper-master:app:unspecified' --> 'androidx.test:monitor:{strictly 1.1.1}' because of the following reason: prodDebugRuntimeClasspath uses version 1.1.1
           Constraint path 'CardKeeper-master:app:unspecified' --> 'androidx.test:monitor:{strictly 1.1.1}' because of the following reason: prodDebugRuntimeClasspath uses version 1.1.1
           Constraint path 'CardKeeper-master:app:unspecified' --> 'androidx.test:monitor:{strictly 1.1.1}' because of the following reason: prodDebugRuntimeClasspath uses version 1.1.1

   > Could not resolve androidx.test:core:1.2.0.
     Required by:
         project :app > androidx.test.ext:junit:1.1.1
      > Cannot find a version of 'androidx.test:core' that satisfies the version constraints: 
           Dependency path 'CardKeeper-master:app:unspecified' --> 'androidx.test.ext:junit:1.1.1' --> 'androidx.test:core:1.2.0'
           Constraint path 'CardKeeper-master:app:unspecified' --> 'androidx.test:core:{strictly 1.1.0}' because of the following reason: prodDebugRuntimeClasspath uses version 1.1.0
           Dependency path 'CardKeeper-master:app:unspecified' --> 'androidx.fragment:fragment-testing:1.1.0-beta01' --> 'androidx.test:core:1.1.0'
           Constraint path 'CardKeeper-master:app:unspecified' --> 'androidx.test:core:{strictly 1.1.0}' because of the following reason: prodDebugRuntimeClasspath uses version 1.1.0
           Constraint path 'CardKeeper-master:app:unspecified' --> 'androidx.test:core:{strictly 1.1.0}' because of the following reason: prodDebugRuntimeClasspath uses version 1.1.0
           Constraint path 'CardKeeper-master:app:unspecified' --> 'androidx.test:core:{strictly 1.1.0}' because of the following reason: prodDebugRuntimeClasspath uses version 1.1.0
           Constraint path 'CardKeeper-master:app:unspecified' --> 'androidx.test:core:{strictly 1.1.0}' because of the following reason: prodDebugRuntimeClasspath uses version 1.1.0
           Constraint path 'CardKeeper-master:app:unspecified' --> 'androidx.test:core:{strictly 1.1.0}' because of the following reason: prodDebugRuntimeClasspath uses version 1.1.0
           Constraint path 'CardKeeper-master:app:unspecified' --> 'androidx.test:core:{strictly 1.1.0}' because of the following reason: prodDebugRuntimeClasspath uses version 1.1.0
           Constraint path 'CardKeeper-master:app:unspecified' --> 'androidx.test:core:{strictly 1.1.0}' because of the following reason: prodDebugRuntimeClasspath uses version 1.1.0
           Constraint path 'CardKeeper-master:app:unspecified' --> 'androidx.test:core:{strictly 1.1.0}' because of the following reason: prodDebugRuntimeClasspath uses version 1.1.0
           Constraint path 'CardKeeper-master:app:unspecified' --> 'androidx.test:core:{strictly 1.1.0}' because of the following reason: prodDebugRuntimeClasspath uses version 1.1.0
           Constraint path 'CardKeeper-master:app:unspecified' --> 'androidx.test:core:{strictly 1.1.0}' because of the following reason: prodDebugRuntimeClasspath uses version 1.1.0
           Constraint path 'CardKeeper-master:app:unspecified' --> 'androidx.test:core:{strictly 1.1.0}' because of the following reason: prodDebugRuntimeClasspath uses version 1.1.0
           Constraint path 'CardKeeper-master:app:unspecified' --> 'androidx.test:core:{strictly 1.1.0}' because of the following reason: prodDebugRuntimeClasspath uses version 1.1.0
           Constraint path 'CardKeeper-master:app:unspecified' --> 'androidx.test:core:{strictly 1.1.0}' because of the following reason: prodDebugRuntimeClasspath uses version 1.1.0
           Constraint path 'CardKeeper-master:app:unspecified' --> 'androidx.test:core:{strictly 1.1.0}' because of the following reason: prodDebugRuntimeClasspath uses version 1.1.0
           Constraint path 'CardKeeper-master:app:unspecified' --> 'androidx.test:core:{strictly 1.1.0}' because of the following reason: prodDebugRuntimeClasspath uses version 1.1.0
           Constraint path 'CardKeeper-master:app:unspecified' --> 'androidx.test:core:{strictly 1.1.0}' because of the following reason: prodDebugRuntimeClasspath uses version 1.1.0
           Constraint path 'CardKeeper-master:app:unspecified' --> 'androidx.test:core:{strictly 1.1.0}' because of the following reason: prodDebugRuntimeClasspath uses version 1.1.0
           Constraint path 'CardKeeper-master:app:unspecified' --> 'androidx.test:core:{strictly 1.1.0}' because of the following reason: prodDebugRuntimeClasspath uses version 1.1.0
           Constraint path 'CardKeeper-master:app:unspecified' --> 'androidx.test:core:{strictly 1.1.0}' because of the following reason: prodDebugRuntimeClasspath uses version 1.1.0
           Constraint path 'CardKeeper-master:app:unspecified' --> 'androidx.test:core:{strictly 1.1.0}' because of the following reason: prodDebugRuntimeClasspath uses version 1.1.0
           Constraint path 'CardKeeper-master:app:unspecified' --> 'androidx.test:core:{strictly 1.1.0}' because of the following reason: prodDebugRuntimeClasspath uses version 1.1.0
           Constraint path 'CardKeeper-master:app:unspecified' --> 'androidx.test:core:{strictly 1.1.0}' because of the following reason: prodDebugRuntimeClasspath uses version 1.1.0
           Constraint path 'CardKeeper-master:app:unspecified' --> 'androidx.test:core:{strictly 1.1.0}' because of the following reason: prodDebugRuntimeClasspath uses version 1.1.0
           Constraint path 'CardKeeper-master:app:unspecified' --> 'androidx.test:core:{strictly 1.1.0}' because of the following reason: prodDebugRuntimeClasspath uses version 1.1.0
           Constraint path 'CardKeeper-master:app:unspecified' --> 'androidx.test:core:{strictly 1.1.0}' because of the following reason: prodDebugRuntimeClasspath uses version 1.1.0
           Constraint path 'CardKeeper-master:app:unspecified' --> 'androidx.test:core:{strictly 1.1.0}' because of the following reason: prodDebugRuntimeClasspath uses version 1.1.0
           Constraint path 'CardKeeper-master:app:unspecified' --> 'androidx.test:core:{strictly 1.1.0}' because of the following reason: prodDebugRuntimeClasspath uses version 1.1.0
           Constraint path 'CardKeeper-master:app:unspecified' --> 'androidx.test:core:{strictly 1.1.0}' because of the following reason: prodDebugRuntimeClasspath uses version 1.1.0
           Constraint path 'CardKeeper-master:app:unspecified' --> 'androidx.test:core:{strictly 1.1.0}' because of the following reason: prodDebugRuntimeClasspath uses version 1.1.0

   > Could not resolve androidx.test:monitor:1.2.0.
     Required by:
         project :app > androidx.test.ext:junit:1.1.1
         project :app > androidx.test:runner:1.2.0
         project :app > androidx.test:core:1.2.0
      > Cannot find a version of 'androidx.test:monitor' that satisfies the version constraints: 
           Dependency path 'CardKeeper-master:app:unspecified' --> 'androidx.test.ext:junit:1.1.1' --> 'androidx.test:monitor:1.2.0'
           Constraint path 'CardKeeper-master:app:unspecified' --> 'androidx.test:monitor:{strictly 1.1.1}' because of the following reason: prodDebugRuntimeClasspath uses version 1.1.1
           Dependency path 'CardKeeper-master:app:unspecified' --> 'androidx.test:runner:1.2.0' --> 'androidx.test:monitor:1.2.0'
           Constraint path 'CardKeeper-master:app:unspecified' --> 'androidx.test:monitor:{strictly 1.1.1}' because of the following reason: prodDebugRuntimeClasspath uses version 1.1.1
           Constraint path 'CardKeeper-master:app:unspecified' --> 'androidx.test:monitor:{strictly 1.1.1}' because of the following reason: prodDebugRuntimeClasspath uses version 1.1.1
           Constraint path 'CardKeeper-master:app:unspecified' --> 'androidx.test:monitor:{strictly 1.1.1}' because of the following reason: prodDebugRuntimeClasspath uses version 1.1.1
           Constraint path 'CardKeeper-master:app:unspecified' --> 'androidx.test:monitor:{strictly 1.1.1}' because of the following reason: prodDebugRuntimeClasspath uses version 1.1.1
           Constraint path 'CardKeeper-master:app:unspecified' --> 'androidx.test:monitor:{strictly 1.1.1}' because of the following reason: prodDebugRuntimeClasspath uses version 1.1.1
           Constraint path 'CardKeeper-master:app:unspecified' --> 'androidx.test:monitor:{strictly 1.1.1}' because of the following reason: prodDebugRuntimeClasspath uses version 1.1.1
           Constraint path 'CardKeeper-master:app:unspecified' --> 'androidx.test:monitor:{strictly 1.1.1}' because of the following reason: prodDebugRuntimeClasspath uses version 1.1.1
           Constraint path 'CardKeeper-master:app:unspecified' --> 'androidx.test:monitor:{strictly 1.1.1}' because of the following reason: prodDebugRuntimeClasspath uses version 1.1.1
           Constraint path 'CardKeeper-master:app:unspecified' --> 'androidx.test:monitor:{strictly 1.1.1}' because of the following reason: prodDebugRuntimeClasspath uses version 1.1.1
           Constraint path 'CardKeeper-master:app:unspecified' --> 'androidx.test:monitor:{strictly 1.1.1}' because of the following reason: prodDebugRuntimeClasspath uses version 1.1.1
           Constraint path 'CardKeeper-master:app:unspecified' --> 'androidx.test:monitor:{strictly 1.1.1}' because of the following reason: prodDebugRuntimeClasspath uses version 1.1.1
           Constraint path 'CardKeeper-master:app:unspecified' --> 'androidx.test:monitor:{strictly 1.1.1}' because of the following reason: prodDebugRuntimeClasspath uses version 1.1.1
           Constraint path 'CardKeeper-master:app:unspecified' --> 'androidx.test:monitor:{strictly 1.1.1}' because of the following reason: prodDebugRuntimeClasspath uses version 1.1.1
           Dependency path 'CardKeeper-master:app:unspecified' --> 'androidx.test.ext:junit:1.1.1' --> 'androidx.test:core:1.2.0' --> 'androidx.test:monitor:1.2.0'
           Constraint path 'CardKeeper-master:app:unspecified' --> 'androidx.test:monitor:{strictly 1.1.1}' because of the following reason: prodDebugRuntimeClasspath uses version 1.1.1
           Constraint path 'CardKeeper-master:app:unspecified' --> 'androidx.test:monitor:{strictly 1.1.1}' because of the following reason: prodDebugRuntimeClasspath uses version 1.1.1
           Constraint path 'CardKeeper-master:app:unspecified' --> 'androidx.test:monitor:{strictly 1.1.1}' because of the following reason: prodDebugRuntimeClasspath uses version 1.1.1
           Constraint path 'CardKeeper-master:app:unspecified' --> 'androidx.test:monitor:{strictly 1.1.1}' because of the following reason: prodDebugRuntimeClasspath uses version 1.1.1
           Constraint path 'CardKeeper-master:app:unspecified' --> 'androidx.test:monitor:{strictly 1.1.1}' because of the following reason: prodDebugRuntimeClasspath uses version 1.1.1
           Constraint path 'CardKeeper-master:app:unspecified' --> 'androidx.test:monitor:{strictly 1.1.1}' because of the following reason: prodDebugRuntimeClasspath uses version 1.1.1
           Constraint path 'CardKeeper-master:app:unspecified' --> 'androidx.test:monitor:{strictly 1.1.1}' because of the following reason: prodDebugRuntimeClasspath uses version 1.1.1
           Constraint path 'CardKeeper-master:app:unspecified' --> 'androidx.test:monitor:{strictly 1.1.1}' because of the following reason: prodDebugRuntimeClasspath uses version 1.1.1
           Constraint path 'CardKeeper-master:app:unspecified' --> 'androidx.test:monitor:{strictly 1.1.1}' because of the following reason: prodDebugRuntimeClasspath uses version 1.1.1
           Constraint path 'CardKeeper-master:app:unspecified' --> 'androidx.test:monitor:{strictly 1.1.1}' because of the following reason: prodDebugRuntimeClasspath uses version 1.1.1
           Constraint path 'CardKeeper-master:app:unspecified' --> 'androidx.test:monitor:{strictly 1.1.1}' because of the following reason: prodDebugRuntimeClasspath uses version 1.1.1
           Constraint path 'CardKeeper-master:app:unspecified' --> 'androidx.test:monitor:{strictly 1.1.1}' because of the following reason: prodDebugRuntimeClasspath uses version 1.1.1
           Constraint path 'CardKeeper-master:app:unspecified' --> 'androidx.test:monitor:{strictly 1.1.1}' because of the following reason: prodDebugRuntimeClasspath uses version 1.1.1
           Constraint path 'CardKeeper-master:app:unspecified' --> 'androidx.test:monitor:{strictly 1.1.1}' because of the following reason: prodDebugRuntimeClasspath uses version 1.1.1
           Constraint path 'CardKeeper-master:app:unspecified' --> 'androidx.test:monitor:{strictly 1.1.1}' because of the following reason: prodDebugRuntimeClasspath uses version 1.1.1
           Constraint path 'CardKeeper-master:app:unspecified' --> 'androidx.test:monitor:{strictly 1.1.1}' because of the following reason: prodDebugRuntimeClasspath uses version 1.1.1

   > Could not resolve androidx.test:core:1.1.0.
     Required by:
         project :app > androidx.fragment:fragment-testing:1.1.0-beta01
      > Cannot find a version of 'androidx.test:core' that satisfies the version constraints: 
           Dependency path 'CardKeeper-master:app:unspecified' --> 'androidx.test.ext:junit:1.1.1' --> 'androidx.test:core:1.2.0'
           Constraint path 'CardKeeper-master:app:unspecified' --> 'androidx.test:core:{strictly 1.1.0}' because of the following reason: prodDebugRuntimeClasspath uses version 1.1.0
           Dependency path 'CardKeeper-master:app:unspecified' --> 'androidx.fragment:fragment-testing:1.1.0-beta01' --> 'androidx.test:core:1.1.0'
           Constraint path 'CardKeeper-master:app:unspecified' --> 'androidx.test:core:{strictly 1.1.0}' because of the following reason: prodDebugRuntimeClasspath uses version 1.1.0
           Constraint path 'CardKeeper-master:app:unspecified' --> 'androidx.test:core:{strictly 1.1.0}' because of the following reason: prodDebugRuntimeClasspath uses version 1.1.0
           Constraint path 'CardKeeper-master:app:unspecified' --> 'androidx.test:core:{strictly 1.1.0}' because of the following reason: prodDebugRuntimeClasspath uses version 1.1.0
           Constraint path 'CardKeeper-master:app:unspecified' --> 'androidx.test:core:{strictly 1.1.0}' because of the following reason: prodDebugRuntimeClasspath uses version 1.1.0
           Constraint path 'CardKeeper-master:app:unspecified' --> 'androidx.test:core:{strictly 1.1.0}' because of the following reason: prodDebugRuntimeClasspath uses version 1.1.0
           Constraint path 'CardKeeper-master:app:unspecified' --> 'androidx.test:core:{strictly 1.1.0}' because of the following reason: prodDebugRuntimeClasspath uses version 1.1.0
           Constraint path 'CardKeeper-master:app:unspecified' --> 'androidx.test:core:{strictly 1.1.0}' because of the following reason: prodDebugRuntimeClasspath uses version 1.1.0
           Constraint path 'CardKeeper-master:app:unspecified' --> 'androidx.test:core:{strictly 1.1.0}' because of the following reason: prodDebugRuntimeClasspath uses version 1.1.0
           Constraint path 'CardKeeper-master:app:unspecified' --> 'androidx.test:core:{strictly 1.1.0}' because of the following reason: prodDebugRuntimeClasspath uses version 1.1.0
           Constraint path 'CardKeeper-master:app:unspecified' --> 'androidx.test:core:{strictly 1.1.0}' because of the following reason: prodDebugRuntimeClasspath uses version 1.1.0
           Constraint path 'CardKeeper-master:app:unspecified' --> 'androidx.test:core:{strictly 1.1.0}' because of the following reason: prodDebugRuntimeClasspath uses version 1.1.0
           Constraint path 'CardKeeper-master:app:unspecified' --> 'androidx.test:core:{strictly 1.1.0}' because of the following reason: prodDebugRuntimeClasspath uses version 1.1.0
           Constraint path 'CardKeeper-master:app:unspecified' --> 'androidx.test:core:{strictly 1.1.0}' because of the following reason: prodDebugRuntimeClasspath uses version 1.1.0
           Constraint path 'CardKeeper-master:app:unspecified' --> 'androidx.test:core:{strictly 1.1.0}' because of the following reason: prodDebugRuntimeClasspath uses version 1.1.0
           Constraint path 'CardKeeper-master:app:unspecified' --> 'androidx.test:core:{strictly 1.1.0}' because of the following reason: prodDebugRuntimeClasspath uses version 1.1.0
           Constraint path 'CardKeeper-master:app:unspecified' --> 'androidx.test:core:{strictly 1.1.0}' because of the following reason: prodDebugRuntimeClasspath uses version 1.1.0
           Constraint path 'CardKeeper-master:app:unspecified' --> 'androidx.test:core:{strictly 1.1.0}' because of the following reason: prodDebugRuntimeClasspath uses version 1.1.0
           Constraint path 'CardKeeper-master:app:unspecified' --> 'androidx.test:core:{strictly 1.1.0}' because of the following reason: prodDebugRuntimeClasspath uses version 1.1.0
           Constraint path 'CardKeeper-master:app:unspecified' --> 'androidx.test:core:{strictly 1.1.0}' because of the following reason: prodDebugRuntimeClasspath uses version 1.1.0
           Constraint path 'CardKeeper-master:app:unspecified' --> 'androidx.test:core:{strictly 1.1.0}' because of the following reason: prodDebugRuntimeClasspath uses version 1.1.0
           Constraint path 'CardKeeper-master:app:unspecified' --> 'androidx.test:core:{strictly 1.1.0}' because of the following reason: prodDebugRuntimeClasspath uses version 1.1.0
           Constraint path 'CardKeeper-master:app:unspecified' --> 'androidx.test:core:{strictly 1.1.0}' because of the following reason: prodDebugRuntimeClasspath uses version 1.1.0
           Constraint path 'CardKeeper-master:app:unspecified' --> 'androidx.test:core:{strictly 1.1.0}' because of the following reason: prodDebugRuntimeClasspath uses version 1.1.0
           Constraint path 'CardKeeper-master:app:unspecified' --> 'androidx.test:core:{strictly 1.1.0}' because of the following reason: prodDebugRuntimeClasspath uses version 1.1.0
           Constraint path 'CardKeeper-master:app:unspecified' --> 'androidx.test:core:{strictly 1.1.0}' because of the following reason: prodDebugRuntimeClasspath uses version 1.1.0
           Constraint path 'CardKeeper-master:app:unspecified' --> 'androidx.test:core:{strictly 1.1.0}' because of the following reason: prodDebugRuntimeClasspath uses version 1.1.0
           Constraint path 'CardKeeper-master:app:unspecified' --> 'androidx.test:core:{strictly 1.1.0}' because of the following reason: prodDebugRuntimeClasspath uses version 1.1.0
           Constraint path 'CardKeeper-master:app:unspecified' --> 'androidx.test:core:{strictly 1.1.0}' because of the following reason: prodDebugRuntimeClasspath uses version 1.1.0
           Constraint path 'CardKeeper-master:app:unspecified' --> 'androidx.test:core:{strictly 1.1.0}' because of the following reason: prodDebugRuntimeClasspath uses version 1.1.0


* Try:
Run with --info or --debug option to get more log output. Run with --scan to get full insights.

* Exception is:
org.gradle.api.tasks.TaskExecutionException: Execution failed for task ':app:lintVitalDevRelease'.
	at org.gradle.api.internal.tasks.execution.ExecuteActionsTaskExecuter.execute(ExecuteActionsTaskExecuter.java:95)
	at org.gradle.api.internal.tasks.execution.ResolveTaskOutputCachingStateExecuter.execute(ResolveTaskOutputCachingStateExecuter.java:91)
	at org.gradle.api.internal.tasks.execution.ValidatingTaskExecuter.execute(ValidatingTaskExecuter.java:57)
	at org.gradle.api.internal.tasks.execution.SkipEmptySourceFilesTaskExecuter.execute(SkipEmptySourceFilesTaskExecuter.java:119)
	at org.gradle.api.internal.tasks.execution.ResolvePreviousStateExecuter.execute(ResolvePreviousStateExecuter.java:43)
	at org.gradle.api.internal.tasks.execution.CleanupStaleOutputsExecuter.execute(CleanupStaleOutputsExecuter.java:93)
	at org.gradle.api.internal.tasks.execution.FinalizePropertiesTaskExecuter.execute(FinalizePropertiesTaskExecuter.java:45)
	at org.gradle.api.internal.tasks.execution.ResolveTaskArtifactStateTaskExecuter.execute(ResolveTaskArtifactStateTaskExecuter.java:94)
	at org.gradle.api.internal.tasks.execution.SkipTaskWithNoActionsExecuter.execute(SkipTaskWithNoActionsExecuter.java:56)
	at org.gradle.api.internal.tasks.execution.SkipOnlyIfTaskExecuter.execute(SkipOnlyIfTaskExecuter.java:55)
	at org.gradle.api.internal.tasks.execution.CatchExceptionTaskExecuter.execute(CatchExceptionTaskExecuter.java:36)
	at org.gradle.api.internal.tasks.execution.EventFiringTaskExecuter$1.executeTask(EventFiringTaskExecuter.java:67)
	at org.gradle.api.internal.tasks.execution.EventFiringTaskExecuter$1.call(EventFiringTaskExecuter.java:52)
	at org.gradle.api.internal.tasks.execution.EventFiringTaskExecuter$1.call(EventFiringTaskExecuter.java:49)
	at org.gradle.internal.operations.DefaultBuildOperationExecutor$CallableBuildOperationWorker.execute(DefaultBuildOperationExecutor.java:315)
	at org.gradle.internal.operations.DefaultBuildOperationExecutor$CallableBuildOperationWorker.execute(DefaultBuildOperationExecutor.java:305)
	at org.gradle.internal.operations.DefaultBuildOperationExecutor.execute(DefaultBuildOperationExecutor.java:175)
	at org.gradle.internal.operations.DefaultBuildOperationExecutor.call(DefaultBuildOperationExecutor.java:101)
	at org.gradle.internal.operations.DelegatingBuildOperationExecutor.call(DelegatingBuildOperationExecutor.java:36)
	at org.gradle.api.internal.tasks.execution.EventFiringTaskExecuter.execute(EventFiringTaskExecuter.java:49)
	at org.gradle.execution.plan.LocalTaskNodeExecutor.execute(LocalTaskNodeExecutor.java:43)
	at org.gradle.execution.taskgraph.DefaultTaskExecutionGraph$InvokeNodeExecutorsAction.execute(DefaultTaskExecutionGraph.java:355)
	at org.gradle.execution.taskgraph.DefaultTaskExecutionGraph$InvokeNodeExecutorsAction.execute(DefaultTaskExecutionGraph.java:343)
	at org.gradle.execution.taskgraph.DefaultTaskExecutionGraph$BuildOperationAwareExecutionAction.execute(DefaultTaskExecutionGraph.java:336)
	at org.gradle.execution.taskgraph.DefaultTaskExecutionGraph$BuildOperationAwareExecutionAction.execute(DefaultTaskExecutionGraph.java:322)
	at org.gradle.execution.plan.DefaultPlanExecutor$ExecutorWorker$1.execute(DefaultPlanExecutor.java:134)
	at org.gradle.execution.plan.DefaultPlanExecutor$ExecutorWorker$1.execute(DefaultPlanExecutor.java:129)
	at org.gradle.execution.plan.DefaultPlanExecutor$ExecutorWorker.execute(DefaultPlanExecutor.java:202)
	at org.gradle.execution.plan.DefaultPlanExecutor$ExecutorWorker.executeNextNode(DefaultPlanExecutor.java:193)
	at org.gradle.execution.plan.DefaultPlanExecutor$ExecutorWorker.run(DefaultPlanExecutor.java:129)
	at org.gradle.internal.concurrent.ExecutorPolicy$CatchAndRecordFailures.onExecute(ExecutorPolicy.java:63)
	at org.gradle.internal.concurrent.ManagedExecutorImpl$1.run(ManagedExecutorImpl.java:46)
	at org.gradle.internal.concurrent.ThreadFactoryImpl$ManagedThreadRunnable.run(ThreadFactoryImpl.java:55)
Caused by: org.gradle.api.internal.artifacts.ivyservice.DefaultLenientConfiguration$ArtifactResolveException: Could not resolve all artifacts for configuration ':app:prodDebugAndroidTestRuntimeClasspath'.
	at org.gradle.api.internal.artifacts.configurations.DefaultConfiguration.rethrowFailure(DefaultConfiguration.java:1175)
	at org.gradle.api.internal.artifacts.configurations.DefaultConfiguration.access$2100(DefaultConfiguration.java:135)
	at org.gradle.api.internal.artifacts.configurations.DefaultConfiguration$ConfigurationArtifactCollection.ensureResolved(DefaultConfiguration.java:1630)
	at org.gradle.api.internal.artifacts.configurations.DefaultConfiguration$ConfigurationArtifactCollection.getArtifacts(DefaultConfiguration.java:1602)
	at com.android.build.gradle.internal.dependency.SubtractingArtifactCollection.getArtifacts(SubtractingArtifactCollection.java:74)
	at com.android.build.gradle.internal.ide.dependencies.ArtifactDependencyGraph.createDependencies(ArtifactDependencyGraph.java:227)
	at com.android.build.gradle.internal.ide.ModelBuilder.getDependencies(ModelBuilder.java:790)
	at com.android.build.gradle.internal.ide.ModelBuilder.createAndroidArtifact(ModelBuilder.java:849)
	at com.android.build.gradle.internal.ide.ModelBuilder.createVariant(ModelBuilder.java:592)
	at com.android.build.gradle.internal.ide.ModelBuilder.buildAndroidProject(ModelBuilder.java:385)
	at com.android.build.gradle.internal.ide.ModelBuilder.buildAll(ModelBuilder.java:198)
	at com.android.build.gradle.internal.AppModelBuilder.buildAll(AppModelBuilder.kt:64)
	at org.gradle.tooling.provider.model.internal.DefaultToolingModelBuilderRegistry$BuildOperationWrappingToolingModelBuilder$1$1.create(DefaultToolingModelBuilderRegistry.java:102)
	at org.gradle.api.internal.project.DefaultProjectStateRegistry.withLenientState(DefaultProjectStateRegistry.java:132)
	at org.gradle.tooling.provider.model.internal.DefaultToolingModelBuilderRegistry$BuildOperationWrappingToolingModelBuilder$1.call(DefaultToolingModelBuilderRegistry.java:98)
	at org.gradle.internal.operations.DefaultBuildOperationExecutor$CallableBuildOperationWorker.execute(DefaultBuildOperationExecutor.java:315)
	at org.gradle.internal.operations.DefaultBuildOperationExecutor$CallableBuildOperationWorker.execute(DefaultBuildOperationExecutor.java:305)
	at org.gradle.internal.operations.DefaultBuildOperationExecutor.execute(DefaultBuildOperationExecutor.java:175)
	at org.gradle.internal.operations.DefaultBuildOperationExecutor.call(DefaultBuildOperationExecutor.java:101)
	at org.gradle.internal.operations.DelegatingBuildOperationExecutor.call(DelegatingBuildOperationExecutor.java:36)
	at org.gradle.tooling.provider.model.internal.DefaultToolingModelBuilderRegistry$BuildOperationWrappingToolingModelBuilder.buildAll(DefaultToolingModelBuilderRegistry.java:95)
	at com.android.tools.lint.gradle.LintGradleExecution.createAndroidProject(LintGradleExecution.java:365)
	at com.android.tools.lint.gradle.LintGradleExecution.analyze(LintGradleExecution.java:85)
	at com.android.tools.lint.gradle.api.ReflectiveLintRunner.runLint(ReflectiveLintRunner.kt:38)
	at com.android.build.gradle.tasks.LintBaseTask.runLint(LintBaseTask.java:95)
	at com.android.build.gradle.tasks.LintPerVariantTask.lint(LintPerVariantTask.java:57)
	at org.gradle.internal.reflect.JavaMethod.invoke(JavaMethod.java:73)
	at org.gradle.api.internal.project.taskfactory.StandardTaskAction.doExecute(StandardTaskAction.java:48)
	at org.gradle.api.internal.project.taskfactory.StandardTaskAction.execute(StandardTaskAction.java:41)
	at org.gradle.api.internal.project.taskfactory.StandardTaskAction.execute(StandardTaskAction.java:28)
	at org.gradle.api.internal.AbstractTask$TaskActionWrapper.execute(AbstractTask.java:704)
	at org.gradle.api.internal.AbstractTask$TaskActionWrapper.execute(AbstractTask.java:671)
	at org.gradle.api.internal.tasks.execution.ExecuteActionsTaskExecuter$2.run(ExecuteActionsTaskExecuter.java:284)
	at org.gradle.internal.operations.DefaultBuildOperationExecutor$RunnableBuildOperationWorker.execute(DefaultBuildOperationExecutor.java:301)
	at org.gradle.internal.operations.DefaultBuildOperationExecutor$RunnableBuildOperationWorker.execute(DefaultBuildOperationExecutor.java:293)
	at org.gradle.internal.operations.DefaultBuildOperationExecutor.execute(DefaultBuildOperationExecutor.java:175)
	at org.gradle.internal.operations.DefaultBuildOperationExecutor.run(DefaultBuildOperationExecutor.java:91)
	at org.gradle.internal.operations.DelegatingBuildOperationExecutor.run(DelegatingBuildOperationExecutor.java:31)
	at org.gradle.api.internal.tasks.execution.ExecuteActionsTaskExecuter.executeAction(ExecuteActionsTaskExecuter.java:273)
	at org.gradle.api.internal.tasks.execution.ExecuteActionsTaskExecuter.executeActions(ExecuteActionsTaskExecuter.java:258)
	at org.gradle.api.internal.tasks.execution.ExecuteActionsTaskExecuter.access$200(ExecuteActionsTaskExecuter.java:67)
	at org.gradle.api.internal.tasks.execution.ExecuteActionsTaskExecuter$TaskExecution.execute(ExecuteActionsTaskExecuter.java:145)
	at org.gradle.internal.execution.impl.steps.ExecuteStep.execute(ExecuteStep.java:49)
	at org.gradle.internal.execution.impl.steps.CancelExecutionStep.execute(CancelExecutionStep.java:34)
	at org.gradle.internal.execution.impl.steps.TimeoutStep.executeWithoutTimeout(TimeoutStep.java:69)
	at org.gradle.internal.execution.impl.steps.TimeoutStep.execute(TimeoutStep.java:49)
	at org.gradle.internal.execution.impl.steps.CatchExceptionStep.execute(CatchExceptionStep.java:33)
	at org.gradle.internal.execution.impl.steps.CreateOutputsStep.execute(CreateOutputsStep.java:50)
	at org.gradle.internal.execution.impl.steps.SnapshotOutputStep.execute(SnapshotOutputStep.java:43)
	at org.gradle.internal.execution.impl.steps.SnapshotOutputStep.execute(SnapshotOutputStep.java:29)
	at org.gradle.internal.execution.impl.steps.CacheStep.executeWithoutCache(CacheStep.java:134)
	at org.gradle.internal.execution.impl.steps.CacheStep.lambda$execute$3(CacheStep.java:83)
	at org.gradle.internal.execution.impl.steps.CacheStep.execute(CacheStep.java:82)
	at org.gradle.internal.execution.impl.steps.CacheStep.execute(CacheStep.java:36)
	at org.gradle.internal.execution.impl.steps.PrepareCachingStep.execute(PrepareCachingStep.java:33)
	at org.gradle.internal.execution.impl.steps.StoreSnapshotsStep.execute(StoreSnapshotsStep.java:38)
	at org.gradle.internal.execution.impl.steps.StoreSnapshotsStep.execute(StoreSnapshotsStep.java:23)
	at org.gradle.internal.execution.impl.steps.SkipUpToDateStep.executeBecause(SkipUpToDateStep.java:96)
	at org.gradle.internal.execution.impl.steps.SkipUpToDateStep.lambda$execute$0(SkipUpToDateStep.java:89)
	at org.gradle.internal.execution.impl.steps.SkipUpToDateStep.execute(SkipUpToDateStep.java:52)
	at org.gradle.internal.execution.impl.steps.SkipUpToDateStep.execute(SkipUpToDateStep.java:36)
	at org.gradle.internal.execution.impl.DefaultWorkExecutor.execute(DefaultWorkExecutor.java:34)
	at org.gradle.api.internal.tasks.execution.ExecuteActionsTaskExecuter.execute(ExecuteActionsTaskExecuter.java:91)
	... 32 more
Caused by: org.gradle.internal.resolve.ModuleVersionResolveException: Could not resolve androidx.test:core:{strictly 1.1.0}.
Required by:
    project :app
	at org.gradle.api.internal.artifacts.ivyservice.resolveengine.graph.builder.EdgeState.failWith(EdgeState.java:155)
	at org.gradle.api.internal.artifacts.ivyservice.resolveengine.graph.builder.DependencyGraphBuilder.attachFailureToEdges(DependencyGraphBuilder.java:382)
	at org.gradle.api.internal.artifacts.ivyservice.resolveengine.graph.builder.DependencyGraphBuilder.validateGraph(DependencyGraphBuilder.java:326)
	at org.gradle.api.internal.artifacts.ivyservice.resolveengine.graph.builder.DependencyGraphBuilder.resolve(DependencyGraphBuilder.java:133)
	at org.gradle.api.internal.artifacts.ivyservice.resolveengine.DefaultArtifactDependencyResolver.resolve(DefaultArtifactDependencyResolver.java:121)
	at org.gradle.api.internal.artifacts.ivyservice.DefaultConfigurationResolver.resolveGraph(DefaultConfigurationResolver.java:171)
	at org.gradle.api.internal.artifacts.ivyservice.ShortCircuitEmptyConfigurationResolver.resolveGraph(ShortCircuitEmptyConfigurationResolver.java:86)
	at org.gradle.api.internal.artifacts.ivyservice.ErrorHandlingConfigurationResolver.resolveGraph(ErrorHandlingConfigurationResolver.java:73)
	at org.gradle.api.internal.artifacts.configurations.DefaultConfiguration$7.run(DefaultConfiguration.java:580)
	at org.gradle.internal.operations.DefaultBuildOperationExecutor$RunnableBuildOperationWorker.execute(DefaultBuildOperationExecutor.java:301)
	at org.gradle.internal.operations.DefaultBuildOperationExecutor$RunnableBuildOperationWorker.execute(DefaultBuildOperationExecutor.java:293)
	at org.gradle.internal.operations.DefaultBuildOperationExecutor.execute(DefaultBuildOperationExecutor.java:175)
	at org.gradle.internal.operations.DefaultBuildOperationExecutor.run(DefaultBuildOperationExecutor.java:91)
	at org.gradle.internal.operations.DelegatingBuildOperationExecutor.run(DelegatingBuildOperationExecutor.java:31)
	at org.gradle.api.internal.artifacts.configurations.DefaultConfiguration.resolveGraphIfRequired(DefaultConfiguration.java:571)
	at org.gradle.api.internal.artifacts.configurations.DefaultConfiguration.access$600(DefaultConfiguration.java:135)
	at org.gradle.api.internal.artifacts.configurations.DefaultConfiguration$6.run(DefaultConfiguration.java:551)
	at org.gradle.api.internal.project.DefaultProjectStateRegistry$SafeExclusiveLockImpl.withLock(DefaultProjectStateRegistry.java:244)
	at org.gradle.api.internal.artifacts.configurations.DefaultConfiguration.resolveExclusively(DefaultConfiguration.java:547)
	at org.gradle.api.internal.artifacts.configurations.DefaultConfiguration.resolveToStateOrLater(DefaultConfiguration.java:542)
	at org.gradle.api.internal.artifacts.configurations.DefaultConfiguration.access$2200(DefaultConfiguration.java:135)
	at org.gradle.api.internal.artifacts.configurations.DefaultConfiguration$ConfigurationFileCollection.getSelectedArtifacts(DefaultConfiguration.java:1158)
	at org.gradle.api.internal.artifacts.configurations.DefaultConfiguration$ConfigurationFileCollection.access$3600(DefaultConfiguration.java:1093)
	at org.gradle.api.internal.artifacts.configurations.DefaultConfiguration$ConfigurationArtifactCollection.ensureResolved(DefaultConfiguration.java:1624)
	... 92 more
Caused by: org.gradle.api.GradleException: Cannot find a version of 'androidx.test:core' that satisfies the version constraints: 
   Dependency path 'CardKeeper-master:app:unspecified' --> 'androidx.test.ext:junit:1.1.1' --> 'androidx.test:core:1.2.0'
   Constraint path 'CardKeeper-master:app:unspecified' --> 'androidx.test:core:{strictly 1.1.0}' because of the following reason: prodDebugRuntimeClasspath uses version 1.1.0
   Dependency path 'CardKeeper-master:app:unspecified' --> 'androidx.fragment:fragment-testing:1.1.0-beta01' --> 'androidx.test:core:1.1.0'
   Constraint path 'CardKeeper-master:app:unspecified' --> 'androidx.test:core:{strictly 1.1.0}' because of the following reason: prodDebugRuntimeClasspath uses version 1.1.0
   Constraint path 'CardKeeper-master:app:unspecified' --> 'androidx.test:core:{strictly 1.1.0}' because of the following reason: prodDebugRuntimeClasspath uses version 1.1.0
   Constraint path 'CardKeeper-master:app:unspecified' --> 'androidx.test:core:{strictly 1.1.0}' because of the following reason: prodDebugRuntimeClasspath uses version 1.1.0
   Constraint path 'CardKeeper-master:app:unspecified' --> 'androidx.test:core:{strictly 1.1.0}' because of the following reason: prodDebugRuntimeClasspath uses version 1.1.0
   Constraint path 'CardKeeper-master:app:unspecified' --> 'androidx.test:core:{strictly 1.1.0}' because of the following reason: prodDebugRuntimeClasspath uses version 1.1.0
   Constraint path 'CardKeeper-master:app:unspecified' --> 'androidx.test:core:{strictly 1.1.0}' because of the following reason: prodDebugRuntimeClasspath uses version 1.1.0
   Constraint path 'CardKeeper-master:app:unspecified' --> 'androidx.test:core:{strictly 1.1.0}' because of the following reason: prodDebugRuntimeClasspath uses version 1.1.0
   Constraint path 'CardKeeper-master:app:unspecified' --> 'androidx.test:core:{strictly 1.1.0}' because of the following reason: prodDebugRuntimeClasspath uses version 1.1.0
   Constraint path 'CardKeeper-master:app:unspecified' --> 'androidx.test:core:{strictly 1.1.0}' because of the following reason: prodDebugRuntimeClasspath uses version 1.1.0
   Constraint path 'CardKeeper-master:app:unspecified' --> 'androidx.test:core:{strictly 1.1.0}' because of the following reason: prodDebugRuntimeClasspath uses version 1.1.0
   Constraint path 'CardKeeper-master:app:unspecified' --> 'androidx.test:core:{strictly 1.1.0}' because of the following reason: prodDebugRuntimeClasspath uses version 1.1.0
   Constraint path 'CardKeeper-master:app:unspecified' --> 'androidx.test:core:{strictly 1.1.0}' because of the following reason: prodDebugRuntimeClasspath uses version 1.1.0
   Constraint path 'CardKeeper-master:app:unspecified' --> 'androidx.test:core:{strictly 1.1.0}' because of the following reason: prodDebugRuntimeClasspath uses version 1.1.0
   Constraint path 'CardKeeper-master:app:unspecified' --> 'androidx.test:core:{strictly 1.1.0}' because of the following reason: prodDebugRuntimeClasspath uses version 1.1.0
   Constraint path 'CardKeeper-master:app:unspecified' --> 'androidx.test:core:{strictly 1.1.0}' because of the following reason: prodDebugRuntimeClasspath uses version 1.1.0
   Constraint path 'CardKeeper-master:app:unspecified' --> 'androidx.test:core:{strictly 1.1.0}' because of the following reason: prodDebugRuntimeClasspath uses version 1.1.0
   Constraint path 'CardKeeper-master:app:unspecified' --> 'androidx.test:core:{strictly 1.1.0}' because of the following reason: prodDebugRuntimeClasspath uses version 1.1.0
   Constraint path 'CardKeeper-master:app:unspecified' --> 'androidx.test:core:{strictly 1.1.0}' because of the following reason: prodDebugRuntimeClasspath uses version 1.1.0
   Constraint path 'CardKeeper-master:app:unspecified' --> 'androidx.test:core:{strictly 1.1.0}' because of the following reason: prodDebugRuntimeClasspath uses version 1.1.0
   Constraint path 'CardKeeper-master:app:unspecified' --> 'androidx.test:core:{strictly 1.1.0}' because of the following reason: prodDebugRuntimeClasspath uses version 1.1.0
   Constraint path 'CardKeeper-master:app:unspecified' --> 'androidx.test:core:{strictly 1.1.0}' because of the following reason: prodDebugRuntimeClasspath uses version 1.1.0
   Constraint path 'CardKeeper-master:app:unspecified' --> 'androidx.test:core:{strictly 1.1.0}' because of the following reason: prodDebugRuntimeClasspath uses version 1.1.0
   Constraint path 'CardKeeper-master:app:unspecified' --> 'androidx.test:core:{strictly 1.1.0}' because of the following reason: prodDebugRuntimeClasspath uses version 1.1.0
   Constraint path 'CardKeeper-master:app:unspecified' --> 'androidx.test:core:{strictly 1.1.0}' because of the following reason: prodDebugRuntimeClasspath uses version 1.1.0
   Constraint path 'CardKeeper-master:app:unspecified' --> 'androidx.test:core:{strictly 1.1.0}' because of the following reason: prodDebugRuntimeClasspath uses version 1.1.0
   Constraint path 'CardKeeper-master:app:unspecified' --> 'androidx.test:core:{strictly 1.1.0}' because of the following reason: prodDebugRuntimeClasspath uses version 1.1.0
   Constraint path 'CardKeeper-master:app:unspecified' --> 'androidx.test:core:{strictly 1.1.0}' because of the following reason: prodDebugRuntimeClasspath uses version 1.1.0
   Constraint path 'CardKeeper-master:app:unspecified' --> 'androidx.test:core:{strictly 1.1.0}' because of the following reason: prodDebugRuntimeClasspath uses version 1.1.0
   Constraint path 'CardKeeper-master:app:unspecified' --> 'androidx.test:core:{strictly 1.1.0}' because of the following reason: prodDebugRuntimeClasspath uses version 1.1.0

	at org.gradle.api.internal.artifacts.ivyservice.resolveengine.graph.builder.DependencyGraphBuilder.validateGraph(DependencyGraphBuilder.java:325)
	... 113 more


* Get more help at https://help.gradle.org

Deprecated Gradle features were used in this build, making it incompatible with Gradle 6.0.
Use '--warning-mode all' to show the individual deprecation warnings.
See https://docs.gradle.org/5.1.1/userguide/command_line_interface.html#sec:command_line_warnings

BUILD FAILED in 1m 8s
85 actionable tasks: 85 executed

2019-07-05 20:11:26,773 INFO  FullProcessService - Found APK file: /var/folders/bq/vtzpc5ns5sg2cthy61lqpg3dfzgbys/T/1562332204556-0/src/CardKeeper-master/app/app-prod-release.apk
