2018-10-21 14:52:40,203 INFO  DownloadService - Downloading "https://github.com/VictorAlbertos/RxPermissionsResult/archive/master.zip", attempt 3
2018-10-21 14:52:40,817 INFO  DownloadService - Downloaded https://github.com/VictorAlbertos/RxPermissionsResult/archive/master.zip, attempt 3
2018-10-21 14:52:40,817 INFO  DownloadService - Size of file "/var/folders/bq/vtzpc5ns5sg2cthy61lqpg3dfzgbys/T/1540108360199-0/master.zip": 169 KB
2018-10-21 14:52:40,817 INFO  ArchiveUtils - Checking entries [.gradle] in ZIP file...
2018-10-21 14:52:40,822 INFO  ArchiveUtils - Has entries [.gradle] in ZIP file /var/folders/bq/vtzpc5ns5sg2cthy61lqpg3dfzgbys/T/1540108360199-0/master.zip: true
2018-10-21 14:52:40,823 DEBUG ZipUtil - Extracting '/var/folders/bq/vtzpc5ns5sg2cthy61lqpg3dfzgbys/T/1540108360199-0/master.zip' into '/var/folders/bq/vtzpc5ns5sg2cthy61lqpg3dfzgbys/T/1540108360199-0/src'.
2018-10-21 14:52:40,854 INFO  FullProcessService - Size of directory with sources: 192 KB
2018-10-21 14:52:40,854 INFO  SysUtils - Execute command: [git, init, /var/folders/bq/vtzpc5ns5sg2cthy61lqpg3dfzgbys/T/1540108360199-0/src]
2018-10-21 14:52:40,874 INFO  SysUtils - Initialized empty Git repository in /private/var/folders/bq/vtzpc5ns5sg2cthy61lqpg3dfzgbys/T/1540108360199-0/src/.git/

2018-10-21 14:52:40,878 INFO  ProjectBuildService - Gradle wrapper(s): /var/folders/bq/vtzpc5ns5sg2cthy61lqpg3dfzgbys/T/1540108360199-0/src/RxPermissionsResult-master/gradlew
2018-10-21 14:52:40,882 INFO  ProjectBuildService - Build script(s): /var/folders/bq/vtzpc5ns5sg2cthy61lqpg3dfzgbys/T/1540108360199-0/src/RxPermissionsResult-master/rx1/build.gradle /var/folders/bq/vtzpc5ns5sg2cthy61lqpg3dfzgbys/T/1540108360199-0/src/RxPermissionsResult-master/rx2/build.gradle /var/folders/bq/vtzpc5ns5sg2cthy61lqpg3dfzgbys/T/1540108360199-0/src/RxPermissionsResult-master/sample-rx1/build.gradle /var/folders/bq/vtzpc5ns5sg2cthy61lqpg3dfzgbys/T/1540108360199-0/src/RxPermissionsResult-master/sample-rx2/build.gradle /var/folders/bq/vtzpc5ns5sg2cthy61lqpg3dfzgbys/T/1540108360199-0/src/RxPermissionsResult-master/build.gradle
2018-10-21 14:52:40,886 INFO  ProjectBuildService - All script(s): /var/folders/bq/vtzpc5ns5sg2cthy61lqpg3dfzgbys/T/1540108360199-0/src/RxPermissionsResult-master/sample-rx2/build.gradle /var/folders/bq/vtzpc5ns5sg2cthy61lqpg3dfzgbys/T/1540108360199-0/src/RxPermissionsResult-master/rx2/build.gradle /var/folders/bq/vtzpc5ns5sg2cthy61lqpg3dfzgbys/T/1540108360199-0/src/RxPermissionsResult-master/sample-rx1/build.gradle /var/folders/bq/vtzpc5ns5sg2cthy61lqpg3dfzgbys/T/1540108360199-0/src/RxPermissionsResult-master/rx1/build.gradle /var/folders/bq/vtzpc5ns5sg2cthy61lqpg3dfzgbys/T/1540108360199-0/src/RxPermissionsResult-master/build.gradle /var/folders/bq/vtzpc5ns5sg2cthy61lqpg3dfzgbys/T/1540108360199-0/src/RxPermissionsResult-master/settings.gradle
2018-10-21 14:52:40,886 INFO  ProjectBuildService - Remote scripts: none
2018-10-21 14:52:40,886 INFO  ProjectFixService - Fixing project...
2018-10-21 14:52:40,896 INFO  LocalPropertiesFixService - Created fake /var/folders/bq/vtzpc5ns5sg2cthy61lqpg3dfzgbys/T/1540108360199-0/src/RxPermissionsResult-master/rx1/local.properties
2018-10-21 14:52:40,896 INFO  ProjectFixService - Build info for "/var/folders/bq/vtzpc5ns5sg2cthy61lqpg3dfzgbys/T/1540108360199-0/src/RxPermissionsResult-master/rx1/build.gradle": [buildToolsVersion=24.0.1,compileSdkVersion=24,minSdkVersion=16,targetSdkVersion=24]
2018-10-21 14:52:40,896 INFO  LocalPropertiesFixService - Created fake /var/folders/bq/vtzpc5ns5sg2cthy61lqpg3dfzgbys/T/1540108360199-0/src/RxPermissionsResult-master/rx2/local.properties
2018-10-21 14:52:40,897 INFO  ProjectFixService - Build info for "/var/folders/bq/vtzpc5ns5sg2cthy61lqpg3dfzgbys/T/1540108360199-0/src/RxPermissionsResult-master/rx2/build.gradle": [buildToolsVersion=24.0.1,compileSdkVersion=24,minSdkVersion=16,targetSdkVersion=24]
2018-10-21 14:52:40,897 INFO  LocalPropertiesFixService - Created fake /var/folders/bq/vtzpc5ns5sg2cthy61lqpg3dfzgbys/T/1540108360199-0/src/RxPermissionsResult-master/sample-rx1/local.properties
2018-10-21 14:52:40,898 INFO  ProjectFixService - Build info for "/var/folders/bq/vtzpc5ns5sg2cthy61lqpg3dfzgbys/T/1540108360199-0/src/RxPermissionsResult-master/sample-rx1/build.gradle": [buildToolsVersion=24.0.1,compileSdkVersion=24,minSdkVersion=18,targetSdkVersion=24]
2018-10-21 14:52:40,898 INFO  LocalPropertiesFixService - Created fake /var/folders/bq/vtzpc5ns5sg2cthy61lqpg3dfzgbys/T/1540108360199-0/src/RxPermissionsResult-master/sample-rx2/local.properties
2018-10-21 14:52:40,898 INFO  ProjectFixService - Build info for "/var/folders/bq/vtzpc5ns5sg2cthy61lqpg3dfzgbys/T/1540108360199-0/src/RxPermissionsResult-master/sample-rx2/build.gradle": [buildToolsVersion=24.0.1,compileSdkVersion=24,minSdkVersion=16,targetSdkVersion=24]
2018-10-21 14:52:40,899 INFO  LocalPropertiesFixService - Created fake /var/folders/bq/vtzpc5ns5sg2cthy61lqpg3dfzgbys/T/1540108360199-0/src/RxPermissionsResult-master/local.properties
2018-10-21 14:52:40,899 INFO  WrapperPropertiesFixService - Gradle wrapper: https://services.gradle.org/distributions/gradle-2.14.1-all.zip
2018-10-21 14:52:40,899 INFO  WrapperPropertiesFixService - Gradle wrapper was changed from "-all.zip" to "-bin.zip" (https://services.gradle.org/distributions/gradle-2.14.1-bin.zip)
2018-10-21 14:52:40,900 INFO  ProjectFixService - Build info for "/var/folders/bq/vtzpc5ns5sg2cthy61lqpg3dfzgbys/T/1540108360199-0/src/RxPermissionsResult-master/build.gradle": [buildToolsVersion=24.0.1,compileSdkVersion=24,minSdkVersion=16,targetSdkVersion=24]
2018-10-21 14:52:40,900 INFO  ProjectFixService - Project was maybe fixed
2018-10-21 14:52:40,900 INFO  ProjectTaskService - Detecting possible tasks...
2018-10-21 14:52:40,900 INFO  SysUtils - Execute command: [/var/folders/bq/vtzpc5ns5sg2cthy61lqpg3dfzgbys/T/1540108360199-0/src/RxPermissionsResult-master/gradlew, -b, /var/folders/bq/vtzpc5ns5sg2cthy61lqpg3dfzgbys/T/1540108360199-0/src/RxPermissionsResult-master/rx1/build.gradle, -Dorg.gradle.daemon=false, -Dorg.gradle.daemon.performance.enable-monitoring=false, -Dorg.gradle.configureondemand=true, tasks]
2018-10-21 14:53:07,184 ERROR ProjectTaskService - Could not detect possible Gradle tasks: Process exited with an error: 1 (Exit value: 1)
2018-10-21 14:53:07,185 INFO  ProjectTaskService - Detected possible tasks: 0
2018-10-21 14:53:07,185 INFO  ProjectTaskService - Excluded tasks (0): none
2018-10-21 14:53:07,185 INFO  SysUtils - Execute command: [/var/folders/bq/vtzpc5ns5sg2cthy61lqpg3dfzgbys/T/1540108360199-0/src/RxPermissionsResult-master/gradlew, -b, /var/folders/bq/vtzpc5ns5sg2cthy61lqpg3dfzgbys/T/1540108360199-0/src/RxPermissionsResult-master/rx1/build.gradle, -Dorg.gradle.daemon=false, -Dorg.gradle.daemon.performance.enable-monitoring=false, -Dorg.gradle.configureondemand=true, --stacktrace, build]
2018-10-21 14:53:20,205 ERROR SysUtils - Could not process external command
org.apache.commons.exec.ExecuteException: Process exited with an error: 1 (Exit value: 1)
	at org.apache.commons.exec.DefaultExecutor.executeInternal(DefaultExecutor.java:404)
	at org.apache.commons.exec.DefaultExecutor.execute(DefaultExecutor.java:166)
	at com.github.vbauer.apkmaster.util.SysUtils.execute(SysUtils.java:67)
	at com.github.vbauer.apkmaster.util.SysUtils.executeSimple(SysUtils.java:43)
	at com.github.vbauer.apkmaster.service.assembly.ProjectBuildService.buildProject(ProjectBuildService.java:78)
	at com.github.vbauer.apkmaster.service.assembly.ProjectBuildService.buildProject(ProjectBuildService.java:64)
	at com.github.vbauer.apkmaster.service.assembly.ProjectBuildService.buildProject(ProjectBuildService.java:43)
	at com.github.vbauer.apkmaster.service.FullProcessService.build(FullProcessService.java:84)
	at com.github.vbauer.apkmaster.service.FullProcessService.process(FullProcessService.java:34)
	at com.github.vbauer.apkmaster.app.MainApplication.process(MainApplication.java:38)
	at com.github.vbauer.apkmaster.app.MainApplication.main(MainApplication.java:20)
	at sun.reflect.GeneratedMethodAccessor9.invoke(Unknown Source)
	at sun.reflect.DelegatingMethodAccessorImpl.invoke(DelegatingMethodAccessorImpl.java:43)
	at java.lang.reflect.Method.invoke(Method.java:498)
	at com.android.arsenal.util.ReflectionUtils.invoke(ReflectionUtils.java:52)
	at com.android.arsenal.util.ApkMasterUtils.main(ApkMasterUtils.java:30)
	at com.android.arsenal.service.processor.impl.BuildProcessorServiceImpl.buildProject(BuildProcessorServiceImpl.java:196)
	at com.android.arsenal.service.processor.impl.BuildProcessorServiceImpl.build(BuildProcessorServiceImpl.java:130)
	at com.android.arsenal.service.processor.impl.BuildProcessorServiceImpl.lambda$null$1(BuildProcessorServiceImpl.java:113)
	at java.util.concurrent.FutureTask.run(FutureTask.java:266)
	at java.util.concurrent.Executors$RunnableAdapter.call(Executors.java:511)
	at java.util.concurrent.FutureTask.run(FutureTask.java:266)
	at java.util.concurrent.ThreadPoolExecutor.runWorker(ThreadPoolExecutor.java:1149)
	at java.util.concurrent.ThreadPoolExecutor$Worker.run(ThreadPoolExecutor.java:624)
	at java.lang.Thread.run(Thread.java:748)
2018-10-21 14:53:20,205 INFO  SysUtils - Configuration on demand is an incubating feature.
Incremental java compilation is an incubating feature.
:rx1:preBuild UP-TO-DATE
:rx1:preDebugBuild UP-TO-DATE
:rx1:compileDebugNdk UP-TO-DATE
:rx1:compileLint
:rx1:copyDebugLint UP-TO-DATE
:rx1:checkDebugManifest
:rx1:preDebugAndroidTestBuild UP-TO-DATE
:rx1:preDebugUnitTestBuild UP-TO-DATE
:rx1:preReleaseBuild UP-TO-DATE
:rx1:preReleaseUnitTestBuild UP-TO-DATE
:rx1:prepareComAndroidSupportAnimatedVectorDrawable2420Library
:rx1:prepareComAndroidSupportAppcompatV72420Library
:rx1:prepareComAndroidSupportSupportCompat2420Library
:rx1:prepareComAndroidSupportSupportCoreUi2420Library
:rx1:prepareComAndroidSupportSupportCoreUtils2420Library
:rx1:prepareComAndroidSupportSupportFragment2420Library
:rx1:prepareComAndroidSupportSupportMediaCompat2420Library
:rx1:prepareComAndroidSupportSupportV42420Library
:rx1:prepareComAndroidSupportSupportVectorDrawable2420Library
:rx1:prepareDebugDependencies
:rx1:compileDebugAidl
:rx1:compileDebugRenderscript
:rx1:generateDebugBuildConfig
:rx1:mergeDebugShaders
:rx1:compileDebugShaders
:rx1:generateDebugAssets
:rx1:mergeDebugAssets
:rx1:generateDebugResValues
:rx1:generateDebugResources
:rx1:mergeDebugResources
:rx1:processDebugManifest
:rx1:processDebugResources
:rx1:generateDebugSources
:rx1:incrementalDebugJavaCompilationSafeguard
:rx1:compileDebugJavaWithJavac
:rx1:compileDebugJavaWithJavac - is not incremental (e.g. outputs have changed, no previous execution, etc.).
Note: /private/var/folders/bq/vtzpc5ns5sg2cthy61lqpg3dfzgbys/T/1540108360199-0/src/RxPermissionsResult-master/rx1/src/main/java/io/victoralbertos/rx1_permissions_result/RxPermissionsResult.java uses unchecked or unsafe operations.
Note: Recompile with -Xlint:unchecked for details.
:rx1:extractDebugAnnotations
:rx1:mergeDebugProguardFiles
:rx1:packageDebugRenderscript UP-TO-DATE
:rx1:packageDebugResources
:rx1:processDebugJavaRes UP-TO-DATE
:rx1:transformResourcesWithMergeJavaResForDebug
:rx1:transformClassesAndResourcesWithSyncLibJarsForDebug
:rx1:mergeDebugJniLibFolders
:rx1:transformNative_libsWithMergeJniLibsForDebug
:rx1:transformNative_libsWithSyncJniLibsForDebug
:rx1:bundleDebug
:rx1:compileDebugSources
:rx1:assembleDebug
:rx1:compileReleaseNdk UP-TO-DATE
:rx1:copyReleaseLint UP-TO-DATE
:rx1:checkReleaseManifest
:rx1:prepareReleaseDependencies
:rx1:compileReleaseAidl
:rx1:compileReleaseRenderscript
:rx1:generateReleaseBuildConfig
:rx1:mergeReleaseShaders
:rx1:compileReleaseShaders
:rx1:generateReleaseAssets
:rx1:mergeReleaseAssets
:rx1:generateReleaseResValues
:rx1:generateReleaseResources
:rx1:mergeReleaseResources
:rx1:processReleaseManifest
:rx1:processReleaseResources
:rx1:generateReleaseSources
:rx1:incrementalReleaseJavaCompilationSafeguard
:rx1:compileReleaseJavaWithJavac
:rx1:compileReleaseJavaWithJavac - is not incremental (e.g. outputs have changed, no previous execution, etc.).
Note: /private/var/folders/bq/vtzpc5ns5sg2cthy61lqpg3dfzgbys/T/1540108360199-0/src/RxPermissionsResult-master/rx1/src/main/java/io/victoralbertos/rx1_permissions_result/RxPermissionsResult.java uses unchecked or unsafe operations.
Note: Recompile with -Xlint:unchecked for details.
:rx1:extractReleaseAnnotations
:rx1:mergeReleaseProguardFiles
:rx1:packageReleaseRenderscript UP-TO-DATE
:rx1:packageReleaseResources
:rx1:processReleaseJavaRes UP-TO-DATE
:rx1:transformResourcesWithMergeJavaResForRelease
:rx1:transformClassesAndResourcesWithSyncLibJarsForRelease
:rx1:mergeReleaseJniLibFolders
:rx1:transformNative_libsWithMergeJniLibsForRelease
:rx1:transformNative_libsWithSyncJniLibsForRelease
:rx1:bundleRelease
:rx1:compileReleaseSources
:rx1:assembleRelease
:rx1:javadoc/private/var/folders/bq/vtzpc5ns5sg2cthy61lqpg3dfzgbys/T/1540108360199-0/src/RxPermissionsResult-master/rx1/src/main/java/io/victoralbertos/rx1_permissions_result/internal/ShadowActivity.java:21: error: package android.support.v4.app does not exist
import android.support.v4.app.ActivityCompat;
                             ^
/private/var/folders/bq/vtzpc5ns5sg2cthy61lqpg3dfzgbys/T/1540108360199-0/src/RxPermissionsResult-master/rx1/src/main/java/io/victoralbertos/rx1_permissions_result/RxPermissionsResult.java:23: error: package android.support.v4.app does not exist
import android.support.v4.app.Fragment;
                             ^
/private/var/folders/bq/vtzpc5ns5sg2cthy61lqpg3dfzgbys/T/1540108360199-0/src/RxPermissionsResult-master/rx1/src/main/java/io/victoralbertos/rx1_permissions_result/RxPermissionsResult.java:24: error: package android.support.v4.app does not exist
import android.support.v4.app.FragmentActivity;
                             ^
/private/var/folders/bq/vtzpc5ns5sg2cthy61lqpg3dfzgbys/T/1540108360199-0/src/RxPermissionsResult-master/rx1/src/main/java/io/victoralbertos/rx1_permissions_result/RxPermissionsResult.java:25: error: package android.support.v4.app does not exist
import android.support.v4.app.FragmentManager;
                             ^
/private/var/folders/bq/vtzpc5ns5sg2cthy61lqpg3dfzgbys/T/1540108360199-0/src/RxPermissionsResult-master/rx1/src/main/java/io/victoralbertos/rx1_permissions_result/RxPermissionsResult.java:47: error: cannot find symbol
  public static <T extends Fragment> Builder<T> on(T fragment) {
                           ^
  symbol:   class Fragment
  location: class RxPermissionsResult
/private/var/folders/bq/vtzpc5ns5sg2cthy61lqpg3dfzgbys/T/1540108360199-0/src/RxPermissionsResult-master/rx1/src/main/java/io/victoralbertos/rx1_permissions_result/RxPermissionsResult.java:47: error: method <T>on(T) is already defined in class RxPermissionsResult
  public static <T extends Fragment> Builder<T> on(T fragment) {
                                                ^
  where T is a type-variable:
    T extends Activity declared in method <T>on(T)
/private/var/folders/bq/vtzpc5ns5sg2cthy61lqpg3dfzgbys/T/1540108360199-0/src/RxPermissionsResult-master/rx1/src/main/java/io/victoralbertos/rx1_permissions_result/RxPermissionsResult.java:126: error: cannot find symbol
    @Nullable private Fragment getTargetFragment(List<Fragment> fragments) {
                                                      ^
  symbol:   class Fragment
  location: class Builder<T>
  where T is a type-variable:
    T extends Object declared in class Builder
/private/var/folders/bq/vtzpc5ns5sg2cthy61lqpg3dfzgbys/T/1540108360199-0/src/RxPermissionsResult-master/rx1/src/main/java/io/victoralbertos/rx1_permissions_result/RxPermissionsResult.java:126: error: cannot find symbol
    @Nullable private Fragment getTargetFragment(List<Fragment> fragments) {
                      ^
  symbol:   class Fragment
  location: class Builder<T>
  where T is a type-variable:
    T extends Object declared in class Builder

8 warnings
:rx1:javadocJar
:rx1:sourcesJar
:rx1:assemble
:rx1:lint FAILED

FAILURE: Build failed with an exception.

* What went wrong:
Execution failed for task ':rx1:lint'.
> No toolchains found in the NDK toolchains folder for ABI with prefix: mipsel-linux-android

* Try:
Run with --info or --debug option to get more log output.

* Exception is:
org.gradle.api.tasks.TaskExecutionException: Execution failed for task ':rx1:lint'.
	at org.gradle.api.internal.tasks.execution.ExecuteActionsTaskExecuter.executeActions(ExecuteActionsTaskExecuter.java:69)
	at org.gradle.api.internal.tasks.execution.ExecuteActionsTaskExecuter.execute(ExecuteActionsTaskExecuter.java:46)
	at org.gradle.api.internal.tasks.execution.PostExecutionAnalysisTaskExecuter.execute(PostExecutionAnalysisTaskExecuter.java:35)
	at org.gradle.api.internal.tasks.execution.SkipUpToDateTaskExecuter.execute(SkipUpToDateTaskExecuter.java:66)
	at org.gradle.api.internal.tasks.execution.ValidatingTaskExecuter.execute(ValidatingTaskExecuter.java:58)
	at org.gradle.api.internal.tasks.execution.SkipEmptySourceFilesTaskExecuter.execute(SkipEmptySourceFilesTaskExecuter.java:52)
	at org.gradle.api.internal.tasks.execution.SkipTaskWithNoActionsExecuter.execute(SkipTaskWithNoActionsExecuter.java:52)
	at org.gradle.api.internal.tasks.execution.SkipOnlyIfTaskExecuter.execute(SkipOnlyIfTaskExecuter.java:53)
	at org.gradle.api.internal.tasks.execution.ExecuteAtMostOnceTaskExecuter.execute(ExecuteAtMostOnceTaskExecuter.java:43)
	at org.gradle.execution.taskgraph.DefaultTaskGraphExecuter$EventFiringTaskWorker.execute(DefaultTaskGraphExecuter.java:203)
	at org.gradle.execution.taskgraph.DefaultTaskGraphExecuter$EventFiringTaskWorker.execute(DefaultTaskGraphExecuter.java:185)
	at org.gradle.execution.taskgraph.AbstractTaskPlanExecutor$TaskExecutorWorker.processTask(AbstractTaskPlanExecutor.java:66)
	at org.gradle.execution.taskgraph.AbstractTaskPlanExecutor$TaskExecutorWorker.run(AbstractTaskPlanExecutor.java:50)
	at org.gradle.execution.taskgraph.DefaultTaskPlanExecutor.process(DefaultTaskPlanExecutor.java:25)
	at org.gradle.execution.taskgraph.DefaultTaskGraphExecuter.execute(DefaultTaskGraphExecuter.java:110)
	at org.gradle.execution.SelectedTaskExecutionAction.execute(SelectedTaskExecutionAction.java:37)
	at org.gradle.execution.DefaultBuildExecuter.execute(DefaultBuildExecuter.java:37)
	at org.gradle.execution.DefaultBuildExecuter.access$000(DefaultBuildExecuter.java:23)
	at org.gradle.execution.DefaultBuildExecuter$1.proceed(DefaultBuildExecuter.java:43)
	at org.gradle.execution.DryRunBuildExecutionAction.execute(DryRunBuildExecutionAction.java:32)
	at org.gradle.execution.DefaultBuildExecuter.execute(DefaultBuildExecuter.java:37)
	at org.gradle.execution.DefaultBuildExecuter.execute(DefaultBuildExecuter.java:30)
	at org.gradle.initialization.DefaultGradleLauncher$4.run(DefaultGradleLauncher.java:153)
	at org.gradle.internal.Factories$1.create(Factories.java:22)
	at org.gradle.internal.progress.DefaultBuildOperationExecutor.run(DefaultBuildOperationExecutor.java:91)
	at org.gradle.internal.progress.DefaultBuildOperationExecutor.run(DefaultBuildOperationExecutor.java:53)
	at org.gradle.initialization.DefaultGradleLauncher.doBuildStages(DefaultGradleLauncher.java:150)
	at org.gradle.initialization.DefaultGradleLauncher.access$200(DefaultGradleLauncher.java:32)
	at org.gradle.initialization.DefaultGradleLauncher$1.create(DefaultGradleLauncher.java:98)
	at org.gradle.initialization.DefaultGradleLauncher$1.create(DefaultGradleLauncher.java:92)
	at org.gradle.internal.progress.DefaultBuildOperationExecutor.run(DefaultBuildOperationExecutor.java:91)
	at org.gradle.internal.progress.DefaultBuildOperationExecutor.run(DefaultBuildOperationExecutor.java:63)
	at org.gradle.initialization.DefaultGradleLauncher.doBuild(DefaultGradleLauncher.java:92)
	at org.gradle.initialization.DefaultGradleLauncher.run(DefaultGradleLauncher.java:83)
	at org.gradle.launcher.exec.InProcessBuildActionExecuter$DefaultBuildController.run(InProcessBuildActionExecuter.java:99)
	at org.gradle.tooling.internal.provider.ExecuteBuildActionRunner.run(ExecuteBuildActionRunner.java:28)
	at org.gradle.launcher.exec.ChainingBuildActionRunner.run(ChainingBuildActionRunner.java:35)
	at org.gradle.launcher.exec.InProcessBuildActionExecuter.execute(InProcessBuildActionExecuter.java:48)
	at org.gradle.launcher.exec.InProcessBuildActionExecuter.execute(InProcessBuildActionExecuter.java:30)
	at org.gradle.launcher.exec.ContinuousBuildActionExecuter.execute(ContinuousBuildActionExecuter.java:81)
	at org.gradle.launcher.exec.ContinuousBuildActionExecuter.execute(ContinuousBuildActionExecuter.java:46)
	at org.gradle.launcher.exec.DaemonUsageSuggestingBuildActionExecuter.execute(DaemonUsageSuggestingBuildActionExecuter.java:51)
	at org.gradle.launcher.exec.DaemonUsageSuggestingBuildActionExecuter.execute(DaemonUsageSuggestingBuildActionExecuter.java:28)
	at org.gradle.launcher.cli.RunBuildAction.run(RunBuildAction.java:43)
	at org.gradle.internal.Actions$RunnableActionAdapter.execute(Actions.java:173)
	at org.gradle.launcher.cli.CommandLineActionFactory$ParseAndBuildAction.execute(CommandLineActionFactory.java:239)
	at org.gradle.launcher.cli.CommandLineActionFactory$ParseAndBuildAction.execute(CommandLineActionFactory.java:212)
	at org.gradle.launcher.cli.JavaRuntimeValidationAction.execute(JavaRuntimeValidationAction.java:35)
	at org.gradle.launcher.cli.JavaRuntimeValidationAction.execute(JavaRuntimeValidationAction.java:24)
	at org.gradle.launcher.cli.ExceptionReportingAction.execute(ExceptionReportingAction.java:33)
	at org.gradle.launcher.cli.ExceptionReportingAction.execute(ExceptionReportingAction.java:22)
	at org.gradle.launcher.cli.CommandLineActionFactory$WithLogging.execute(CommandLineActionFactory.java:205)
	at org.gradle.launcher.cli.CommandLineActionFactory$WithLogging.execute(CommandLineActionFactory.java:169)
	at org.gradle.launcher.Main.doAction(Main.java:33)
	at org.gradle.launcher.bootstrap.EntryPoint.run(EntryPoint.java:45)
	at org.gradle.launcher.bootstrap.ProcessBootstrap.runNoExit(ProcessBootstrap.java:55)
	at org.gradle.launcher.bootstrap.ProcessBootstrap.run(ProcessBootstrap.java:36)
	at org.gradle.launcher.GradleMain.main(GradleMain.java:23)
	at org.gradle.wrapper.BootstrapMainStarter.start(BootstrapMainStarter.java:30)
	at org.gradle.wrapper.WrapperExecutor.execute(WrapperExecutor.java:129)
	at org.gradle.wrapper.GradleWrapperMain.main(GradleWrapperMain.java:61)
Caused by: java.lang.RuntimeException: No toolchains found in the NDK toolchains folder for ABI with prefix: mipsel-linux-android
	at com.android.build.gradle.internal.NdkHandler.getDefaultToolchainVersion(NdkHandler.java:375)
	at com.android.build.gradle.internal.NdkHandler.getToolchainPath(NdkHandler.java:273)
	at com.android.build.gradle.internal.NdkHandler.getCCompiler(NdkHandler.java:461)
	at com.android.build.gradle.internal.model.ModelBuilder.createNativeToolchainModelMap(ModelBuilder.java:227)
	at com.android.build.gradle.internal.model.ModelBuilder.buildAll(ModelBuilder.java:166)
	at org.gradle.tooling.provider.model.ToolingModelBuilder$buildAll.call(Unknown Source)
	at com.android.build.gradle.tasks.Lint.createAndroidProject(Lint.groovy:256)
	at com.android.build.gradle.tasks.Lint.lint(Lint.groovy:73)
	at org.gradle.internal.reflect.JavaMethod.invoke(JavaMethod.java:75)
	at org.gradle.api.internal.project.taskfactory.AnnotationProcessingTaskFactory$StandardTaskAction.doExecute(AnnotationProcessingTaskFactory.java:228)
	at org.gradle.api.internal.project.taskfactory.AnnotationProcessingTaskFactory$StandardTaskAction.execute(AnnotationProcessingTaskFactory.java:221)
	at org.gradle.api.internal.project.taskfactory.AnnotationProcessingTaskFactory$StandardTaskAction.execute(AnnotationProcessingTaskFactory.java:210)
	at org.gradle.api.internal.AbstractTask$TaskActionWrapper.execute(AbstractTask.java:621)
	at org.gradle.api.internal.AbstractTask$TaskActionWrapper.execute(AbstractTask.java:604)
	at org.gradle.api.internal.tasks.execution.ExecuteActionsTaskExecuter.executeAction(ExecuteActionsTaskExecuter.java:80)
	at org.gradle.api.internal.tasks.execution.ExecuteActionsTaskExecuter.executeActions(ExecuteActionsTaskExecuter.java:61)
	... 60 more


BUILD FAILED

Total time: 12.488 secs

2018-10-21 14:53:20,264 INFO  ProjectTaskService - Detecting possible tasks...
2018-10-21 14:53:20,264 INFO  SysUtils - Execute command: [/var/folders/bq/vtzpc5ns5sg2cthy61lqpg3dfzgbys/T/1540108360199-0/src/RxPermissionsResult-master/gradlew, -b, /var/folders/bq/vtzpc5ns5sg2cthy61lqpg3dfzgbys/T/1540108360199-0/src/RxPermissionsResult-master/rx2/build.gradle, -Dorg.gradle.daemon=false, -Dorg.gradle.daemon.performance.enable-monitoring=false, -Dorg.gradle.configureondemand=true, tasks]
2018-10-21 14:53:27,733 ERROR ProjectTaskService - Could not detect possible Gradle tasks: Process exited with an error: 1 (Exit value: 1)
2018-10-21 14:53:27,734 INFO  ProjectTaskService - Detected possible tasks: 0
2018-10-21 14:53:27,734 INFO  ProjectTaskService - Excluded tasks (0): none
2018-10-21 14:53:27,734 INFO  SysUtils - Execute command: [/var/folders/bq/vtzpc5ns5sg2cthy61lqpg3dfzgbys/T/1540108360199-0/src/RxPermissionsResult-master/gradlew, -b, /var/folders/bq/vtzpc5ns5sg2cthy61lqpg3dfzgbys/T/1540108360199-0/src/RxPermissionsResult-master/rx2/build.gradle, -Dorg.gradle.daemon=false, -Dorg.gradle.daemon.performance.enable-monitoring=false, -Dorg.gradle.configureondemand=true, --stacktrace, build]
2018-10-21 14:53:41,377 ERROR SysUtils - Could not process external command
org.apache.commons.exec.ExecuteException: Process exited with an error: 1 (Exit value: 1)
	at org.apache.commons.exec.DefaultExecutor.executeInternal(DefaultExecutor.java:404)
	at org.apache.commons.exec.DefaultExecutor.execute(DefaultExecutor.java:166)
	at com.github.vbauer.apkmaster.util.SysUtils.execute(SysUtils.java:67)
	at com.github.vbauer.apkmaster.util.SysUtils.executeSimple(SysUtils.java:43)
	at com.github.vbauer.apkmaster.service.assembly.ProjectBuildService.buildProject(ProjectBuildService.java:78)
	at com.github.vbauer.apkmaster.service.assembly.ProjectBuildService.buildProject(ProjectBuildService.java:64)
	at com.github.vbauer.apkmaster.service.assembly.ProjectBuildService.buildProject(ProjectBuildService.java:43)
	at com.github.vbauer.apkmaster.service.FullProcessService.build(FullProcessService.java:84)
	at com.github.vbauer.apkmaster.service.FullProcessService.process(FullProcessService.java:34)
	at com.github.vbauer.apkmaster.app.MainApplication.process(MainApplication.java:38)
	at com.github.vbauer.apkmaster.app.MainApplication.main(MainApplication.java:20)
	at sun.reflect.GeneratedMethodAccessor9.invoke(Unknown Source)
	at sun.reflect.DelegatingMethodAccessorImpl.invoke(DelegatingMethodAccessorImpl.java:43)
	at java.lang.reflect.Method.invoke(Method.java:498)
	at com.android.arsenal.util.ReflectionUtils.invoke(ReflectionUtils.java:52)
	at com.android.arsenal.util.ApkMasterUtils.main(ApkMasterUtils.java:30)
	at com.android.arsenal.service.processor.impl.BuildProcessorServiceImpl.buildProject(BuildProcessorServiceImpl.java:196)
	at com.android.arsenal.service.processor.impl.BuildProcessorServiceImpl.build(BuildProcessorServiceImpl.java:130)
	at com.android.arsenal.service.processor.impl.BuildProcessorServiceImpl.lambda$null$1(BuildProcessorServiceImpl.java:113)
	at java.util.concurrent.FutureTask.run(FutureTask.java:266)
	at java.util.concurrent.Executors$RunnableAdapter.call(Executors.java:511)
	at java.util.concurrent.FutureTask.run(FutureTask.java:266)
	at java.util.concurrent.ThreadPoolExecutor.runWorker(ThreadPoolExecutor.java:1149)
	at java.util.concurrent.ThreadPoolExecutor$Worker.run(ThreadPoolExecutor.java:624)
	at java.lang.Thread.run(Thread.java:748)
2018-10-21 14:53:41,377 INFO  SysUtils - Configuration on demand is an incubating feature.
Incremental java compilation is an incubating feature.
:rx2:preBuild UP-TO-DATE
:rx2:preDebugBuild UP-TO-DATE
:rx2:compileDebugNdk UP-TO-DATE
:rx2:compileLint
:rx2:copyDebugLint UP-TO-DATE
:rx2:checkDebugManifest
:rx2:preDebugAndroidTestBuild UP-TO-DATE
:rx2:preDebugUnitTestBuild UP-TO-DATE
:rx2:preReleaseBuild UP-TO-DATE
:rx2:preReleaseUnitTestBuild UP-TO-DATE
:rx2:prepareComAndroidSupportAnimatedVectorDrawable2420Library
:rx2:prepareComAndroidSupportAppcompatV72420Library
:rx2:prepareComAndroidSupportSupportCompat2420Library
:rx2:prepareComAndroidSupportSupportCoreUi2420Library
:rx2:prepareComAndroidSupportSupportCoreUtils2420Library
:rx2:prepareComAndroidSupportSupportFragment2420Library
:rx2:prepareComAndroidSupportSupportMediaCompat2420Library
:rx2:prepareComAndroidSupportSupportV42420Library
:rx2:prepareComAndroidSupportSupportVectorDrawable2420Library
:rx2:prepareDebugDependencies
:rx2:compileDebugAidl
:rx2:compileDebugRenderscript
:rx2:generateDebugBuildConfig
:rx2:mergeDebugShaders
:rx2:compileDebugShaders
:rx2:generateDebugAssets
:rx2:mergeDebugAssets
:rx2:generateDebugResValues
:rx2:generateDebugResources
:rx2:mergeDebugResources
:rx2:processDebugManifest
:rx2:processDebugResources
:rx2:generateDebugSources
:rx2:incrementalDebugJavaCompilationSafeguard
:rx2:compileDebugJavaWithJavac
:rx2:compileDebugJavaWithJavac - is not incremental (e.g. outputs have changed, no previous execution, etc.).
Note: /private/var/folders/bq/vtzpc5ns5sg2cthy61lqpg3dfzgbys/T/1540108360199-0/src/RxPermissionsResult-master/rx2/src/main/java/io/victoralbertos/rx2_permissions_result/RxPermissionsResult.java uses unchecked or unsafe operations.
Note: Recompile with -Xlint:unchecked for details.
:rx2:extractDebugAnnotations
:rx2:mergeDebugProguardFiles
:rx2:packageDebugRenderscript UP-TO-DATE
:rx2:packageDebugResources
:rx2:processDebugJavaRes UP-TO-DATE
:rx2:transformResourcesWithMergeJavaResForDebug
:rx2:transformClassesAndResourcesWithSyncLibJarsForDebug
:rx2:mergeDebugJniLibFolders
:rx2:transformNative_libsWithMergeJniLibsForDebug
:rx2:transformNative_libsWithSyncJniLibsForDebug
:rx2:bundleDebug
:rx2:compileDebugSources
:rx2:assembleDebug
:rx2:compileReleaseNdk UP-TO-DATE
:rx2:copyReleaseLint UP-TO-DATE
:rx2:checkReleaseManifest
:rx2:prepareReleaseDependencies
:rx2:compileReleaseAidl
:rx2:compileReleaseRenderscript
:rx2:generateReleaseBuildConfig
:rx2:mergeReleaseShaders
:rx2:compileReleaseShaders
:rx2:generateReleaseAssets
:rx2:mergeReleaseAssets
:rx2:generateReleaseResValues
:rx2:generateReleaseResources
:rx2:mergeReleaseResources
:rx2:processReleaseManifest
:rx2:processReleaseResources
:rx2:generateReleaseSources
:rx2:incrementalReleaseJavaCompilationSafeguard
:rx2:compileReleaseJavaWithJavac
:rx2:compileReleaseJavaWithJavac - is not incremental (e.g. outputs have changed, no previous execution, etc.).
Note: /private/var/folders/bq/vtzpc5ns5sg2cthy61lqpg3dfzgbys/T/1540108360199-0/src/RxPermissionsResult-master/rx2/src/main/java/io/victoralbertos/rx2_permissions_result/RxPermissionsResult.java uses unchecked or unsafe operations.
Note: Recompile with -Xlint:unchecked for details.
:rx2:extractReleaseAnnotations
:rx2:mergeReleaseProguardFiles
:rx2:packageReleaseRenderscript UP-TO-DATE
:rx2:packageReleaseResources
:rx2:processReleaseJavaRes UP-TO-DATE
:rx2:transformResourcesWithMergeJavaResForRelease
:rx2:transformClassesAndResourcesWithSyncLibJarsForRelease
:rx2:mergeReleaseJniLibFolders
:rx2:transformNative_libsWithMergeJniLibsForRelease
:rx2:transformNative_libsWithSyncJniLibsForRelease
:rx2:bundleRelease
:rx2:compileReleaseSources
:rx2:assembleRelease
:rx2:javadoc/private/var/folders/bq/vtzpc5ns5sg2cthy61lqpg3dfzgbys/T/1540108360199-0/src/RxPermissionsResult-master/rx2/src/main/java/io/victoralbertos/rx2_permissions_result/internal/ShadowActivity.java:21: error: package android.support.v4.app does not exist
import android.support.v4.app.ActivityCompat;
                             ^
/private/var/folders/bq/vtzpc5ns5sg2cthy61lqpg3dfzgbys/T/1540108360199-0/src/RxPermissionsResult-master/rx2/src/main/java/io/victoralbertos/rx2_permissions_result/RxPermissionsResult.java:23: error: package android.support.v4.app does not exist
import android.support.v4.app.Fragment;
                             ^
/private/var/folders/bq/vtzpc5ns5sg2cthy61lqpg3dfzgbys/T/1540108360199-0/src/RxPermissionsResult-master/rx2/src/main/java/io/victoralbertos/rx2_permissions_result/RxPermissionsResult.java:24: error: package android.support.v4.app does not exist
import android.support.v4.app.FragmentActivity;
                             ^
/private/var/folders/bq/vtzpc5ns5sg2cthy61lqpg3dfzgbys/T/1540108360199-0/src/RxPermissionsResult-master/rx2/src/main/java/io/victoralbertos/rx2_permissions_result/RxPermissionsResult.java:25: error: package android.support.v4.app does not exist
import android.support.v4.app.FragmentManager;
                             ^
/private/var/folders/bq/vtzpc5ns5sg2cthy61lqpg3dfzgbys/T/1540108360199-0/src/RxPermissionsResult-master/rx2/src/main/java/io/victoralbertos/rx2_permissions_result/RxPermissionsResult.java:47: error: cannot find symbol
  public static <T extends Fragment> Builder<T> on(T fragment) {
                           ^
  symbol:   class Fragment
  location: class RxPermissionsResult
/private/var/folders/bq/vtzpc5ns5sg2cthy61lqpg3dfzgbys/T/1540108360199-0/src/RxPermissionsResult-master/rx2/src/main/java/io/victoralbertos/rx2_permissions_result/RxPermissionsResult.java:47: error: method <T>on(T) is already defined in class RxPermissionsResult
  public static <T extends Fragment> Builder<T> on(T fragment) {
                                                ^
  where T is a type-variable:
    T extends Activity declared in method <T>on(T)
/private/var/folders/bq/vtzpc5ns5sg2cthy61lqpg3dfzgbys/T/1540108360199-0/src/RxPermissionsResult-master/rx2/src/main/java/io/victoralbertos/rx2_permissions_result/RxPermissionsResult.java:126: error: cannot find symbol
    @Nullable private Fragment getTargetFragment(List<Fragment> fragments) {
                                                      ^
  symbol:   class Fragment
  location: class Builder<T>
  where T is a type-variable:
    T extends Object declared in class Builder
/private/var/folders/bq/vtzpc5ns5sg2cthy61lqpg3dfzgbys/T/1540108360199-0/src/RxPermissionsResult-master/rx2/src/main/java/io/victoralbertos/rx2_permissions_result/RxPermissionsResult.java:126: error: cannot find symbol
    @Nullable private Fragment getTargetFragment(List<Fragment> fragments) {
                      ^
  symbol:   class Fragment
  location: class Builder<T>
  where T is a type-variable:
    T extends Object declared in class Builder

8 warnings
:rx2:javadocJar
:rx2:sourcesJar
:rx2:assemble
:rx2:lint FAILED

FAILURE: Build failed with an exception.

* What went wrong:
Execution failed for task ':rx2:lint'.
> No toolchains found in the NDK toolchains folder for ABI with prefix: mipsel-linux-android

* Try:
Run with --info or --debug option to get more log output.

* Exception is:
org.gradle.api.tasks.TaskExecutionException: Execution failed for task ':rx2:lint'.
	at org.gradle.api.internal.tasks.execution.ExecuteActionsTaskExecuter.executeActions(ExecuteActionsTaskExecuter.java:69)
	at org.gradle.api.internal.tasks.execution.ExecuteActionsTaskExecuter.execute(ExecuteActionsTaskExecuter.java:46)
	at org.gradle.api.internal.tasks.execution.PostExecutionAnalysisTaskExecuter.execute(PostExecutionAnalysisTaskExecuter.java:35)
	at org.gradle.api.internal.tasks.execution.SkipUpToDateTaskExecuter.execute(SkipUpToDateTaskExecuter.java:66)
	at org.gradle.api.internal.tasks.execution.ValidatingTaskExecuter.execute(ValidatingTaskExecuter.java:58)
	at org.gradle.api.internal.tasks.execution.SkipEmptySourceFilesTaskExecuter.execute(SkipEmptySourceFilesTaskExecuter.java:52)
	at org.gradle.api.internal.tasks.execution.SkipTaskWithNoActionsExecuter.execute(SkipTaskWithNoActionsExecuter.java:52)
	at org.gradle.api.internal.tasks.execution.SkipOnlyIfTaskExecuter.execute(SkipOnlyIfTaskExecuter.java:53)
	at org.gradle.api.internal.tasks.execution.ExecuteAtMostOnceTaskExecuter.execute(ExecuteAtMostOnceTaskExecuter.java:43)
	at org.gradle.execution.taskgraph.DefaultTaskGraphExecuter$EventFiringTaskWorker.execute(DefaultTaskGraphExecuter.java:203)
	at org.gradle.execution.taskgraph.DefaultTaskGraphExecuter$EventFiringTaskWorker.execute(DefaultTaskGraphExecuter.java:185)
	at org.gradle.execution.taskgraph.AbstractTaskPlanExecutor$TaskExecutorWorker.processTask(AbstractTaskPlanExecutor.java:66)
	at org.gradle.execution.taskgraph.AbstractTaskPlanExecutor$TaskExecutorWorker.run(AbstractTaskPlanExecutor.java:50)
	at org.gradle.execution.taskgraph.DefaultTaskPlanExecutor.process(DefaultTaskPlanExecutor.java:25)
	at org.gradle.execution.taskgraph.DefaultTaskGraphExecuter.execute(DefaultTaskGraphExecuter.java:110)
	at org.gradle.execution.SelectedTaskExecutionAction.execute(SelectedTaskExecutionAction.java:37)
	at org.gradle.execution.DefaultBuildExecuter.execute(DefaultBuildExecuter.java:37)
	at org.gradle.execution.DefaultBuildExecuter.access$000(DefaultBuildExecuter.java:23)
	at org.gradle.execution.DefaultBuildExecuter$1.proceed(DefaultBuildExecuter.java:43)
	at org.gradle.execution.DryRunBuildExecutionAction.execute(DryRunBuildExecutionAction.java:32)
	at org.gradle.execution.DefaultBuildExecuter.execute(DefaultBuildExecuter.java:37)
	at org.gradle.execution.DefaultBuildExecuter.execute(DefaultBuildExecuter.java:30)
	at org.gradle.initialization.DefaultGradleLauncher$4.run(DefaultGradleLauncher.java:153)
	at org.gradle.internal.Factories$1.create(Factories.java:22)
	at org.gradle.internal.progress.DefaultBuildOperationExecutor.run(DefaultBuildOperationExecutor.java:91)
	at org.gradle.internal.progress.DefaultBuildOperationExecutor.run(DefaultBuildOperationExecutor.java:53)
	at org.gradle.initialization.DefaultGradleLauncher.doBuildStages(DefaultGradleLauncher.java:150)
	at org.gradle.initialization.DefaultGradleLauncher.access$200(DefaultGradleLauncher.java:32)
	at org.gradle.initialization.DefaultGradleLauncher$1.create(DefaultGradleLauncher.java:98)
	at org.gradle.initialization.DefaultGradleLauncher$1.create(DefaultGradleLauncher.java:92)
	at org.gradle.internal.progress.DefaultBuildOperationExecutor.run(DefaultBuildOperationExecutor.java:91)
	at org.gradle.internal.progress.DefaultBuildOperationExecutor.run(DefaultBuildOperationExecutor.java:63)
	at org.gradle.initialization.DefaultGradleLauncher.doBuild(DefaultGradleLauncher.java:92)
	at org.gradle.initialization.DefaultGradleLauncher.run(DefaultGradleLauncher.java:83)
	at org.gradle.launcher.exec.InProcessBuildActionExecuter$DefaultBuildController.run(InProcessBuildActionExecuter.java:99)
	at org.gradle.tooling.internal.provider.ExecuteBuildActionRunner.run(ExecuteBuildActionRunner.java:28)
	at org.gradle.launcher.exec.ChainingBuildActionRunner.run(ChainingBuildActionRunner.java:35)
	at org.gradle.launcher.exec.InProcessBuildActionExecuter.execute(InProcessBuildActionExecuter.java:48)
	at org.gradle.launcher.exec.InProcessBuildActionExecuter.execute(InProcessBuildActionExecuter.java:30)
	at org.gradle.launcher.exec.ContinuousBuildActionExecuter.execute(ContinuousBuildActionExecuter.java:81)
	at org.gradle.launcher.exec.ContinuousBuildActionExecuter.execute(ContinuousBuildActionExecuter.java:46)
	at org.gradle.launcher.exec.DaemonUsageSuggestingBuildActionExecuter.execute(DaemonUsageSuggestingBuildActionExecuter.java:51)
	at org.gradle.launcher.exec.DaemonUsageSuggestingBuildActionExecuter.execute(DaemonUsageSuggestingBuildActionExecuter.java:28)
	at org.gradle.launcher.cli.RunBuildAction.run(RunBuildAction.java:43)
	at org.gradle.internal.Actions$RunnableActionAdapter.execute(Actions.java:173)
	at org.gradle.launcher.cli.CommandLineActionFactory$ParseAndBuildAction.execute(CommandLineActionFactory.java:239)
	at org.gradle.launcher.cli.CommandLineActionFactory$ParseAndBuildAction.execute(CommandLineActionFactory.java:212)
	at org.gradle.launcher.cli.JavaRuntimeValidationAction.execute(JavaRuntimeValidationAction.java:35)
	at org.gradle.launcher.cli.JavaRuntimeValidationAction.execute(JavaRuntimeValidationAction.java:24)
	at org.gradle.launcher.cli.ExceptionReportingAction.execute(ExceptionReportingAction.java:33)
	at org.gradle.launcher.cli.ExceptionReportingAction.execute(ExceptionReportingAction.java:22)
	at org.gradle.launcher.cli.CommandLineActionFactory$WithLogging.execute(CommandLineActionFactory.java:205)
	at org.gradle.launcher.cli.CommandLineActionFactory$WithLogging.execute(CommandLineActionFactory.java:169)
	at org.gradle.launcher.Main.doAction(Main.java:33)
	at org.gradle.launcher.bootstrap.EntryPoint.run(EntryPoint.java:45)
	at org.gradle.launcher.bootstrap.ProcessBootstrap.runNoExit(ProcessBootstrap.java:55)
	at org.gradle.launcher.bootstrap.ProcessBootstrap.run(ProcessBootstrap.java:36)
	at org.gradle.launcher.GradleMain.main(GradleMain.java:23)
	at org.gradle.wrapper.BootstrapMainStarter.start(BootstrapMainStarter.java:30)
	at org.gradle.wrapper.WrapperExecutor.execute(WrapperExecutor.java:129)
	at org.gradle.wrapper.GradleWrapperMain.main(GradleWrapperMain.java:61)
Caused by: java.lang.RuntimeException: No toolchains found in the NDK toolchains folder for ABI with prefix: mipsel-linux-android
	at com.android.build.gradle.internal.NdkHandler.getDefaultToolchainVersion(NdkHandler.java:375)
	at com.android.build.gradle.internal.NdkHandler.getToolchainPath(NdkHandler.java:273)
	at com.android.build.gradle.internal.NdkHandler.getCCompiler(NdkHandler.java:461)
	at com.android.build.gradle.internal.model.ModelBuilder.createNativeToolchainModelMap(ModelBuilder.java:227)
	at com.android.build.gradle.internal.model.ModelBuilder.buildAll(ModelBuilder.java:166)
	at org.gradle.tooling.provider.model.ToolingModelBuilder$buildAll.call(Unknown Source)
	at com.android.build.gradle.tasks.Lint.createAndroidProject(Lint.groovy:256)
	at com.android.build.gradle.tasks.Lint.lint(Lint.groovy:73)
	at org.gradle.internal.reflect.JavaMethod.invoke(JavaMethod.java:75)
	at org.gradle.api.internal.project.taskfactory.AnnotationProcessingTaskFactory$StandardTaskAction.doExecute(AnnotationProcessingTaskFactory.java:228)
	at org.gradle.api.internal.project.taskfactory.AnnotationProcessingTaskFactory$StandardTaskAction.execute(AnnotationProcessingTaskFactory.java:221)
	at org.gradle.api.internal.project.taskfactory.AnnotationProcessingTaskFactory$StandardTaskAction.execute(AnnotationProcessingTaskFactory.java:210)
	at org.gradle.api.internal.AbstractTask$TaskActionWrapper.execute(AbstractTask.java:621)
	at org.gradle.api.internal.AbstractTask$TaskActionWrapper.execute(AbstractTask.java:604)
	at org.gradle.api.internal.tasks.execution.ExecuteActionsTaskExecuter.executeAction(ExecuteActionsTaskExecuter.java:80)
	at org.gradle.api.internal.tasks.execution.ExecuteActionsTaskExecuter.executeActions(ExecuteActionsTaskExecuter.java:61)
	... 60 more


BUILD FAILED

Total time: 13.119 secs

2018-10-21 14:53:41,484 INFO  ProjectTaskService - Detecting possible tasks...
2018-10-21 14:53:41,484 INFO  SysUtils - Execute command: [/var/folders/bq/vtzpc5ns5sg2cthy61lqpg3dfzgbys/T/1540108360199-0/src/RxPermissionsResult-master/gradlew, -b, /var/folders/bq/vtzpc5ns5sg2cthy61lqpg3dfzgbys/T/1540108360199-0/src/RxPermissionsResult-master/sample-rx1/build.gradle, -Dorg.gradle.daemon=false, -Dorg.gradle.daemon.performance.enable-monitoring=false, -Dorg.gradle.configureondemand=true, tasks]
2018-10-21 14:53:49,098 ERROR ProjectTaskService - Could not detect possible Gradle tasks: Process exited with an error: 1 (Exit value: 1)
2018-10-21 14:53:49,098 INFO  ProjectTaskService - Detected possible tasks: 0
2018-10-21 14:53:49,098 INFO  ProjectTaskService - Excluded tasks (0): none
2018-10-21 14:53:49,098 INFO  SysUtils - Execute command: [/var/folders/bq/vtzpc5ns5sg2cthy61lqpg3dfzgbys/T/1540108360199-0/src/RxPermissionsResult-master/gradlew, -b, /var/folders/bq/vtzpc5ns5sg2cthy61lqpg3dfzgbys/T/1540108360199-0/src/RxPermissionsResult-master/sample-rx1/build.gradle, -Dorg.gradle.daemon=false, -Dorg.gradle.daemon.performance.enable-monitoring=false, -Dorg.gradle.configureondemand=true, --stacktrace, build]
2018-10-21 14:54:11,456 ERROR SysUtils - Could not process external command
org.apache.commons.exec.ExecuteException: Process exited with an error: 1 (Exit value: 1)
	at org.apache.commons.exec.DefaultExecutor.executeInternal(DefaultExecutor.java:404)
	at org.apache.commons.exec.DefaultExecutor.execute(DefaultExecutor.java:166)
	at com.github.vbauer.apkmaster.util.SysUtils.execute(SysUtils.java:67)
	at com.github.vbauer.apkmaster.util.SysUtils.executeSimple(SysUtils.java:43)
	at com.github.vbauer.apkmaster.service.assembly.ProjectBuildService.buildProject(ProjectBuildService.java:78)
	at com.github.vbauer.apkmaster.service.assembly.ProjectBuildService.buildProject(ProjectBuildService.java:64)
	at com.github.vbauer.apkmaster.service.assembly.ProjectBuildService.buildProject(ProjectBuildService.java:43)
	at com.github.vbauer.apkmaster.service.FullProcessService.build(FullProcessService.java:84)
	at com.github.vbauer.apkmaster.service.FullProcessService.process(FullProcessService.java:34)
	at com.github.vbauer.apkmaster.app.MainApplication.process(MainApplication.java:38)
	at com.github.vbauer.apkmaster.app.MainApplication.main(MainApplication.java:20)
	at sun.reflect.GeneratedMethodAccessor9.invoke(Unknown Source)
	at sun.reflect.DelegatingMethodAccessorImpl.invoke(DelegatingMethodAccessorImpl.java:43)
	at java.lang.reflect.Method.invoke(Method.java:498)
	at com.android.arsenal.util.ReflectionUtils.invoke(ReflectionUtils.java:52)
	at com.android.arsenal.util.ApkMasterUtils.main(ApkMasterUtils.java:30)
	at com.android.arsenal.service.processor.impl.BuildProcessorServiceImpl.buildProject(BuildProcessorServiceImpl.java:196)
	at com.android.arsenal.service.processor.impl.BuildProcessorServiceImpl.build(BuildProcessorServiceImpl.java:130)
	at com.android.arsenal.service.processor.impl.BuildProcessorServiceImpl.lambda$null$1(BuildProcessorServiceImpl.java:113)
	at java.util.concurrent.FutureTask.run(FutureTask.java:266)
	at java.util.concurrent.Executors$RunnableAdapter.call(Executors.java:511)
	at java.util.concurrent.FutureTask.run(FutureTask.java:266)
	at java.util.concurrent.ThreadPoolExecutor.runWorker(ThreadPoolExecutor.java:1149)
	at java.util.concurrent.ThreadPoolExecutor$Worker.run(ThreadPoolExecutor.java:624)
	at java.lang.Thread.run(Thread.java:748)
2018-10-21 14:54:11,456 INFO  SysUtils - Configuration on demand is an incubating feature.
Incremental java compilation is an incubating feature.
Jack is required to support java 8 language features.
Jack is required to support java 8 language features.
:rx1:preBuild UP-TO-DATE
:rx1:preReleaseBuild UP-TO-DATE
:rx1:compileReleaseNdk UP-TO-DATE
:rx1:compileLint
:rx1:copyReleaseLint UP-TO-DATE
:rx1:checkReleaseManifest
:rx1:preDebugAndroidTestBuild UP-TO-DATE
:rx1:preDebugBuild UP-TO-DATE
:rx1:preDebugUnitTestBuild UP-TO-DATE
:rx1:preReleaseUnitTestBuild UP-TO-DATE
:rx1:prepareComAndroidSupportAnimatedVectorDrawable2420Library UP-TO-DATE
:rx1:prepareComAndroidSupportAppcompatV72420Library UP-TO-DATE
:rx1:prepareComAndroidSupportSupportCompat2420Library UP-TO-DATE
:rx1:prepareComAndroidSupportSupportCoreUi2420Library UP-TO-DATE
:rx1:prepareComAndroidSupportSupportCoreUtils2420Library UP-TO-DATE
:rx1:prepareComAndroidSupportSupportFragment2420Library UP-TO-DATE
:rx1:prepareComAndroidSupportSupportMediaCompat2420Library UP-TO-DATE
:rx1:prepareComAndroidSupportSupportV42420Library UP-TO-DATE
:rx1:prepareComAndroidSupportSupportVectorDrawable2420Library UP-TO-DATE
:rx1:prepareReleaseDependencies
:rx1:compileReleaseAidl UP-TO-DATE
:rx1:compileReleaseRenderscript UP-TO-DATE
:rx1:generateReleaseBuildConfig UP-TO-DATE
:rx1:mergeReleaseShaders UP-TO-DATE
:rx1:compileReleaseShaders UP-TO-DATE
:rx1:generateReleaseAssets UP-TO-DATE
:rx1:mergeReleaseAssets UP-TO-DATE
:rx1:generateReleaseResValues UP-TO-DATE
:rx1:generateReleaseResources UP-TO-DATE
:rx1:mergeReleaseResources UP-TO-DATE
:rx1:processReleaseManifest UP-TO-DATE
:rx1:processReleaseResources UP-TO-DATE
:rx1:generateReleaseSources UP-TO-DATE
:rx1:incrementalReleaseJavaCompilationSafeguard UP-TO-DATE
:rx1:compileReleaseJavaWithJavac UP-TO-DATE
:rx1:extractReleaseAnnotations UP-TO-DATE
:rx1:mergeReleaseProguardFiles UP-TO-DATE
:rx1:packageReleaseRenderscript UP-TO-DATE
:rx1:packageReleaseResources UP-TO-DATE
:rx1:processReleaseJavaRes UP-TO-DATE
:rx1:transformResourcesWithMergeJavaResForRelease UP-TO-DATE
:rx1:transformClassesAndResourcesWithSyncLibJarsForRelease UP-TO-DATE
:rx1:mergeReleaseJniLibFolders UP-TO-DATE
:rx1:transformNative_libsWithMergeJniLibsForRelease UP-TO-DATE
:rx1:transformNative_libsWithSyncJniLibsForRelease UP-TO-DATE
:rx1:bundleRelease UP-TO-DATE
:sample-rx1:preBuild UP-TO-DATE
:sample-rx1:preDebugBuild UP-TO-DATE
:sample-rx1:checkDebugManifest
:sample-rx1:preReleaseBuild UP-TO-DATE
:sample-rx1:prepareComAndroidSupportAnimatedVectorDrawable2420Library
:sample-rx1:prepareComAndroidSupportAppcompatV72420Library
:sample-rx1:prepareComAndroidSupportSupportCompat2420Library
:sample-rx1:prepareComAndroidSupportSupportCoreUi2420Library
:sample-rx1:prepareComAndroidSupportSupportCoreUtils2420Library
:sample-rx1:prepareComAndroidSupportSupportFragment2420Library
:sample-rx1:prepareComAndroidSupportSupportMediaCompat2420Library
:sample-rx1:prepareComAndroidSupportSupportV42420Library
:sample-rx1:prepareComAndroidSupportSupportVectorDrawable2420Library
:sample-rx1:prepareComGithubVictorAlbertosRx1UnspecifiedLibrary
:sample-rx1:prepareComJakewhartonRxbindingRxbinding040Library
:sample-rx1:prepareComTrelloRxlifecycleAndroid070Library
:sample-rx1:prepareComTrelloRxlifecycleComponents070Library
:sample-rx1:prepareIoReactivexRxandroid110Library
:sample-rx1:prepareDebugDependencies
:sample-rx1:compileDebugAidl
:sample-rx1:compileDebugRenderscript
:sample-rx1:generateDebugBuildConfig
:sample-rx1:mergeDebugShaders
:sample-rx1:compileDebugShaders
:sample-rx1:generateDebugAssets
:sample-rx1:mergeDebugAssets
:sample-rx1:generateDebugResValues
:sample-rx1:generateDebugResources
:sample-rx1:mergeDebugResources
:sample-rx1:processDebugManifest
:sample-rx1:processDebugResources
:sample-rx1:generateDebugSources
:sample-rx1:incrementalDebugJavaCompilationSafeguard
:sample-rx1:compileDebugJavaWithJavac
:sample-rx1:compileRetrolambdaDebug
Download https://jcenter.bintray.com/net/orfjackal/retrolambda/retrolambda/2.0.6/retrolambda-2.0.6.pom
Download https://jcenter.bintray.com/net/orfjackal/retrolambda/parent/2.0.6/parent-2.0.6.pom
Download https://jcenter.bintray.com/net/orfjackal/retrolambda/retrolambda/2.0.6/retrolambda-2.0.6.jar
:sample-rx1:compileDebugNdk UP-TO-DATE
:sample-rx1:compileDebugSources
:sample-rx1:prePackageMarkerForDebug
:sample-rx1:transformClassesWithDexForDebug
Merged dex #1 (5 defs/15.3KiB)
Merged dex #2 (357 defs/579.7KiB)
Merged dex #3 (449 defs/471.7KiB)
Merged dex #4 (135 defs/248.9KiB)
Merged dex #5 (53 defs/75.9KiB)
Merged dex #6 (57 defs/148.3KiB)
Merged dex #7 (144 defs/179.1KiB)
Merged dex #8 (1 defs/0.7KiB)
Merged dex #9 (17 defs/48.5KiB)
Merged dex #10 (16 defs/11.4KiB)
Merged dex #11 (222 defs/115.2KiB)
Merged dex #12 (7 defs/7.2KiB)
Merged dex #13 (9 defs/12.3KiB)
Merged dex #14 (68 defs/135.0KiB)
Merged dex #15 (17 defs/28.5KiB)
Merged dex #16 (249 defs/186.4KiB)
Merged dex #17 (10 defs/15.2KiB)
Merged dex #18 (73 defs/58.2KiB)
Merged dex #19 (8 defs/8.3KiB)
Merged dex #20 (10 defs/7.0KiB)
Merged dex #21 (35 defs/8.9KiB)
Merged dex #22 (1018 defs/836.8KiB)
Merged dex #23 (21 defs/17.1KiB)
Merged dex #24 (46 defs/7.4KiB)
Result is 3027 defs/3929.3KiB. Took 0.3s
:sample-rx1:mergeDebugJniLibFolders
:sample-rx1:transformNative_libsWithMergeJniLibsForDebug
:sample-rx1:processDebugJavaRes UP-TO-DATE
:sample-rx1:transformResourcesWithMergeJavaResForDebug
:sample-rx1:validateDebugSigning
:sample-rx1:packageDebug
:sample-rx1:zipalignDebug
:sample-rx1:assembleDebug
:sample-rx1:checkReleaseManifest
:sample-rx1:prepareReleaseDependencies
:sample-rx1:compileReleaseAidl
:sample-rx1:compileReleaseRenderscript
:sample-rx1:generateReleaseBuildConfig
:sample-rx1:mergeReleaseShaders
:sample-rx1:compileReleaseShaders
:sample-rx1:generateReleaseAssets
:sample-rx1:mergeReleaseAssets
:sample-rx1:generateReleaseResValues
:sample-rx1:generateReleaseResources
:sample-rx1:mergeReleaseResources
:sample-rx1:processReleaseManifest
:sample-rx1:processReleaseResources
:sample-rx1:generateReleaseSources
:sample-rx1:incrementalReleaseJavaCompilationSafeguard
:sample-rx1:compileReleaseJavaWithJavac
:sample-rx1:compileRetrolambdaRelease
:sample-rx1:compileReleaseNdk UP-TO-DATE
:sample-rx1:compileReleaseSources
:sample-rx1:lintVitalRelease FAILED

FAILURE: Build failed with an exception.

* What went wrong:
Execution failed for task ':sample-rx1:lintVitalRelease'.
> No toolchains found in the NDK toolchains folder for ABI with prefix: mipsel-linux-android

* Try:
Run with --info or --debug option to get more log output.

* Exception is:
org.gradle.api.tasks.TaskExecutionException: Execution failed for task ':sample-rx1:lintVitalRelease'.
	at org.gradle.api.internal.tasks.execution.ExecuteActionsTaskExecuter.executeActions(ExecuteActionsTaskExecuter.java:69)
	at org.gradle.api.internal.tasks.execution.ExecuteActionsTaskExecuter.execute(ExecuteActionsTaskExecuter.java:46)
	at org.gradle.api.internal.tasks.execution.PostExecutionAnalysisTaskExecuter.execute(PostExecutionAnalysisTaskExecuter.java:35)
	at org.gradle.api.internal.tasks.execution.SkipUpToDateTaskExecuter.execute(SkipUpToDateTaskExecuter.java:66)
	at org.gradle.api.internal.tasks.execution.ValidatingTaskExecuter.execute(ValidatingTaskExecuter.java:58)
	at org.gradle.api.internal.tasks.execution.SkipEmptySourceFilesTaskExecuter.execute(SkipEmptySourceFilesTaskExecuter.java:52)
	at org.gradle.api.internal.tasks.execution.SkipTaskWithNoActionsExecuter.execute(SkipTaskWithNoActionsExecuter.java:52)
	at org.gradle.api.internal.tasks.execution.SkipOnlyIfTaskExecuter.execute(SkipOnlyIfTaskExecuter.java:53)
	at org.gradle.api.internal.tasks.execution.ExecuteAtMostOnceTaskExecuter.execute(ExecuteAtMostOnceTaskExecuter.java:43)
	at org.gradle.execution.taskgraph.DefaultTaskGraphExecuter$EventFiringTaskWorker.execute(DefaultTaskGraphExecuter.java:203)
	at org.gradle.execution.taskgraph.DefaultTaskGraphExecuter$EventFiringTaskWorker.execute(DefaultTaskGraphExecuter.java:185)
	at org.gradle.execution.taskgraph.AbstractTaskPlanExecutor$TaskExecutorWorker.processTask(AbstractTaskPlanExecutor.java:66)
	at org.gradle.execution.taskgraph.AbstractTaskPlanExecutor$TaskExecutorWorker.run(AbstractTaskPlanExecutor.java:50)
	at org.gradle.execution.taskgraph.DefaultTaskPlanExecutor.process(DefaultTaskPlanExecutor.java:25)
	at org.gradle.execution.taskgraph.DefaultTaskGraphExecuter.execute(DefaultTaskGraphExecuter.java:110)
	at org.gradle.execution.SelectedTaskExecutionAction.execute(SelectedTaskExecutionAction.java:37)
	at org.gradle.execution.DefaultBuildExecuter.execute(DefaultBuildExecuter.java:37)
	at org.gradle.execution.DefaultBuildExecuter.access$000(DefaultBuildExecuter.java:23)
	at org.gradle.execution.DefaultBuildExecuter$1.proceed(DefaultBuildExecuter.java:43)
	at org.gradle.execution.DryRunBuildExecutionAction.execute(DryRunBuildExecutionAction.java:32)
	at org.gradle.execution.DefaultBuildExecuter.execute(DefaultBuildExecuter.java:37)
	at org.gradle.execution.DefaultBuildExecuter.execute(DefaultBuildExecuter.java:30)
	at org.gradle.initialization.DefaultGradleLauncher$4.run(DefaultGradleLauncher.java:153)
	at org.gradle.internal.Factories$1.create(Factories.java:22)
	at org.gradle.internal.progress.DefaultBuildOperationExecutor.run(DefaultBuildOperationExecutor.java:91)
	at org.gradle.internal.progress.DefaultBuildOperationExecutor.run(DefaultBuildOperationExecutor.java:53)
	at org.gradle.initialization.DefaultGradleLauncher.doBuildStages(DefaultGradleLauncher.java:150)
	at org.gradle.initialization.DefaultGradleLauncher.access$200(DefaultGradleLauncher.java:32)
	at org.gradle.initialization.DefaultGradleLauncher$1.create(DefaultGradleLauncher.java:98)
	at org.gradle.initialization.DefaultGradleLauncher$1.create(DefaultGradleLauncher.java:92)
	at org.gradle.internal.progress.DefaultBuildOperationExecutor.run(DefaultBuildOperationExecutor.java:91)
	at org.gradle.internal.progress.DefaultBuildOperationExecutor.run(DefaultBuildOperationExecutor.java:63)
	at org.gradle.initialization.DefaultGradleLauncher.doBuild(DefaultGradleLauncher.java:92)
	at org.gradle.initialization.DefaultGradleLauncher.run(DefaultGradleLauncher.java:83)
	at org.gradle.launcher.exec.InProcessBuildActionExecuter$DefaultBuildController.run(InProcessBuildActionExecuter.java:99)
	at org.gradle.tooling.internal.provider.ExecuteBuildActionRunner.run(ExecuteBuildActionRunner.java:28)
	at org.gradle.launcher.exec.ChainingBuildActionRunner.run(ChainingBuildActionRunner.java:35)
	at org.gradle.launcher.exec.InProcessBuildActionExecuter.execute(InProcessBuildActionExecuter.java:48)
	at org.gradle.launcher.exec.InProcessBuildActionExecuter.execute(InProcessBuildActionExecuter.java:30)
	at org.gradle.launcher.exec.ContinuousBuildActionExecuter.execute(ContinuousBuildActionExecuter.java:81)
	at org.gradle.launcher.exec.ContinuousBuildActionExecuter.execute(ContinuousBuildActionExecuter.java:46)
	at org.gradle.launcher.exec.DaemonUsageSuggestingBuildActionExecuter.execute(DaemonUsageSuggestingBuildActionExecuter.java:51)
	at org.gradle.launcher.exec.DaemonUsageSuggestingBuildActionExecuter.execute(DaemonUsageSuggestingBuildActionExecuter.java:28)
	at org.gradle.launcher.cli.RunBuildAction.run(RunBuildAction.java:43)
	at org.gradle.internal.Actions$RunnableActionAdapter.execute(Actions.java:173)
	at org.gradle.launcher.cli.CommandLineActionFactory$ParseAndBuildAction.execute(CommandLineActionFactory.java:239)
	at org.gradle.launcher.cli.CommandLineActionFactory$ParseAndBuildAction.execute(CommandLineActionFactory.java:212)
	at org.gradle.launcher.cli.JavaRuntimeValidationAction.execute(JavaRuntimeValidationAction.java:35)
	at org.gradle.launcher.cli.JavaRuntimeValidationAction.execute(JavaRuntimeValidationAction.java:24)
	at org.gradle.launcher.cli.ExceptionReportingAction.execute(ExceptionReportingAction.java:33)
	at org.gradle.launcher.cli.ExceptionReportingAction.execute(ExceptionReportingAction.java:22)
	at org.gradle.launcher.cli.CommandLineActionFactory$WithLogging.execute(CommandLineActionFactory.java:205)
	at org.gradle.launcher.cli.CommandLineActionFactory$WithLogging.execute(CommandLineActionFactory.java:169)
	at org.gradle.launcher.Main.doAction(Main.java:33)
	at org.gradle.launcher.bootstrap.EntryPoint.run(EntryPoint.java:45)
	at org.gradle.launcher.bootstrap.ProcessBootstrap.runNoExit(ProcessBootstrap.java:55)
	at org.gradle.launcher.bootstrap.ProcessBootstrap.run(ProcessBootstrap.java:36)
	at org.gradle.launcher.GradleMain.main(GradleMain.java:23)
	at org.gradle.wrapper.BootstrapMainStarter.start(BootstrapMainStarter.java:30)
	at org.gradle.wrapper.WrapperExecutor.execute(WrapperExecutor.java:129)
	at org.gradle.wrapper.GradleWrapperMain.main(GradleWrapperMain.java:61)
Caused by: java.lang.RuntimeException: No toolchains found in the NDK toolchains folder for ABI with prefix: mipsel-linux-android
	at com.android.build.gradle.internal.NdkHandler.getDefaultToolchainVersion(NdkHandler.java:375)
	at com.android.build.gradle.internal.NdkHandler.getToolchainPath(NdkHandler.java:273)
	at com.android.build.gradle.internal.NdkHandler.getCCompiler(NdkHandler.java:461)
	at com.android.build.gradle.internal.model.ModelBuilder.createNativeToolchainModelMap(ModelBuilder.java:227)
	at com.android.build.gradle.internal.model.ModelBuilder.buildAll(ModelBuilder.java:166)
	at org.gradle.tooling.provider.model.ToolingModelBuilder$buildAll.call(Unknown Source)
	at com.android.build.gradle.tasks.Lint.createAndroidProject(Lint.groovy:256)
	at com.android.build.gradle.tasks.Lint.lint(Lint.groovy:73)
	at org.gradle.internal.reflect.JavaMethod.invoke(JavaMethod.java:75)
	at org.gradle.api.internal.project.taskfactory.AnnotationProcessingTaskFactory$StandardTaskAction.doExecute(AnnotationProcessingTaskFactory.java:228)
	at org.gradle.api.internal.project.taskfactory.AnnotationProcessingTaskFactory$StandardTaskAction.execute(AnnotationProcessingTaskFactory.java:221)
	at org.gradle.api.internal.project.taskfactory.AnnotationProcessingTaskFactory$StandardTaskAction.execute(AnnotationProcessingTaskFactory.java:210)
	at org.gradle.api.internal.AbstractTask$TaskActionWrapper.execute(AbstractTask.java:621)
	at org.gradle.api.internal.AbstractTask$TaskActionWrapper.execute(AbstractTask.java:604)
	at org.gradle.api.internal.tasks.execution.ExecuteActionsTaskExecuter.executeAction(ExecuteActionsTaskExecuter.java:80)
	at org.gradle.api.internal.tasks.execution.ExecuteActionsTaskExecuter.executeActions(ExecuteActionsTaskExecuter.java:61)
	... 60 more


BUILD FAILED

Total time: 21.772 secs

2018-10-21 14:54:11,610 INFO  FullProcessService - Found APK file: /var/folders/bq/vtzpc5ns5sg2cthy61lqpg3dfzgbys/T/1540108360199-0/src/RxPermissionsResult-master/sample-rx1/build/outputs/apk/sample-rx1-debug.apk
